
**** Build of configuration Debug for project FreeRTOS823_3_TM4C1294_Base_Test ****

"C:\\ti\\ccsv6\\utils\\bin\\gmake" -k all 
gmake: Nothing to be done for `all'.

**** Build Finished ****

**** Build of configuration Debug for project FreeRTOS823_3_TM4C1294_Base_Test ****

"C:\\ti\\ccsv6\\utils\\bin\\gmake" -k all 
gmake: Nothing to be done for `all'.

**** Build Finished ****

**** Build of configuration Debug for project FreeRTOS823_3_TM4C1294_Base_Test ****

"C:\\ti\\ccsv6\\utils\\bin\\gmake" -k all 
'Building file: ../Tasks/Task_ReportData.c'
'Invoking: ARM Compiler'
"C:/ti/ccsv6/tools/compiler/ti-cgt-arm_5.2.5/bin/armcl" -mv7M4 --code_state=16 --float_support=FPv4SPD16 --abi=eabi -me --include_path="C:/Users/DreyCow/workspace/TI_ARM_Tiva_Projects_EECS_690_Sp16/FreeRTOS823_3_TM4C1294_Base_Test" --include_path="C:/Users/DreyCow/workspace/TI_ARM_Tiva_Projects_EECS_690_Sp16/FreeRTOS823_3_TM4C1294_Base_Test/Drivers" --include_path="C:/Users/DreyCow/workspace/TI_ARM_Tiva_Projects_EECS_690_Sp16/Source/portable/CCS/ARM_CM4F" --include_path="C:/Users/DreyCow/workspace/TI_ARM_Tiva_Projects_EECS_690_Sp16/Source/include" --include_path="C:/ti/ccsv6/tools/compiler/ti-cgt-arm_5.2.5/include" --include_path="C:/TI_CodeComposer/TivaWare" -g --gcc --define=ccs="ccs" --define=PART_TM4C1294NCPDT --super_quiet --diag_wrap=off --diag_warning=225 --display_error_number --printf_support=full -k --asm_listing --preproc_with_compile --preproc_dependency="Tasks/Task_ReportData.pp" --obj_directory="Tasks"  "../Tasks/Task_ReportData.c"
'Finished building: ../Tasks/Task_ReportData.c'
' '
'Building target: FreeRTOS823_3_TM4C1294_Base_Test.out'
'Invoking: ARM Linker'
"C:/ti/ccsv6/tools/compiler/ti-cgt-arm_5.2.5/bin/armcl" -mv7M4 --code_state=16 --float_support=FPv4SPD16 --abi=eabi -me -g --gcc --define=ccs="ccs" --define=PART_TM4C1294NCPDT --super_quiet --diag_wrap=off --diag_warning=225 --display_error_number --printf_support=full -k --asm_listing -z -m"FreeRTOS823_3_TM4C1294_Base_Test.map" --heap_size=0x0800 --stack_size=0x0800 -i"C:/ti/ccsv6/tools/compiler/ti-cgt-arm_5.2.5/lib" -i"C:/ti/ccsv6/tools/compiler/ti-cgt-arm_5.2.5/include" --reread_libs --display_error_number --diag_wrap=off --warn_sections --xml_link_info="FreeRTOS823_3_TM4C1294_Base_Test_linkInfo.xml" --rom_model -o "FreeRTOS823_3_TM4C1294_Base_Test.out" "./Main_Base_Test.obj" "./TM4C_FreeRTOS_Base_Startup.obj" "./heap_2.obj" "./Tasks/Task_Blinky.obj" "./Tasks/Task_HeaterOn.obj" "./Tasks/Task_PID.obj" "./Tasks/Task_ReportData.obj" "./Tasks/Task_Simple_ADC.obj" "./Source/croutine.obj" "./Source/event_groups.obj" "./Source/list.obj" "./Source/queue.obj" "./Source/tasks.obj" "./Source/timers.obj" "./Source/portable/CCS/ARM_CM4F/port.obj" "./Source/portable/CCS/ARM_CM4F/portasm.obj" "./Drivers/Processor_Initialization_TM4C1294.obj" "./Drivers/UART.obj" "../tm4c1294ncpdt.cmd"  -l"libc.a" -l"C:\TI_CodeComposer\TivaWare\driverlib\ccs\Debug\driverlib.lib" 
'Finished building target: FreeRTOS823_3_TM4C1294_Base_Test.out'
' '
'Invoking: ARM Hex Utility'
"C:/ti/ccsv6/tools/compiler/ti-cgt-arm_5.2.5/bin/armhex"  -o "FreeRTOS823_3_TM4C1294_Base_Test.hex"  "FreeRTOS823_3_TM4C1294_Base_Test.out" 
Translating to Extended Tektronix format...
   "FreeRTOS823_3_TM4C1294_Base_Test.out" .intvecs ==> .intvecs
   "FreeRTOS823_3_TM4C1294_Base_Test.out" .text ==> .text
   "FreeRTOS823_3_TM4C1294_Base_Test.out" .const ==> .const
   "FreeRTOS823_3_TM4C1294_Base_Test.out" .cinit ==> .cinit
'Finished building: FreeRTOS823_3_TM4C1294_Base_Test.hex'
' '

**** Build Finished ****

**** Build of configuration Debug for project FreeRTOS823_3_TM4C1294_Base_Test ****

"C:\\ti\\ccsv6\\utils\\bin\\gmake" -k all 
'Building file: ../Tasks/Task_ReportData.c'
'Invoking: ARM Compiler'
"C:/ti/ccsv6/tools/compiler/ti-cgt-arm_5.2.5/bin/armcl" -mv7M4 --code_state=16 --float_support=FPv4SPD16 --abi=eabi -me --include_path="C:/Users/DreyCow/workspace/TI_ARM_Tiva_Projects_EECS_690_Sp16/FreeRTOS823_3_TM4C1294_Base_Test" --include_path="C:/Users/DreyCow/workspace/TI_ARM_Tiva_Projects_EECS_690_Sp16/FreeRTOS823_3_TM4C1294_Base_Test/Drivers" --include_path="C:/Users/DreyCow/workspace/TI_ARM_Tiva_Projects_EECS_690_Sp16/Source/portable/CCS/ARM_CM4F" --include_path="C:/Users/DreyCow/workspace/TI_ARM_Tiva_Projects_EECS_690_Sp16/Source/include" --include_path="C:/ti/ccsv6/tools/compiler/ti-cgt-arm_5.2.5/include" --include_path="C:/TI_CodeComposer/TivaWare" -g --gcc --define=ccs="ccs" --define=PART_TM4C1294NCPDT --super_quiet --diag_wrap=off --diag_warning=225 --display_error_number --printf_support=full -k --asm_listing --preproc_with_compile --preproc_dependency="Tasks/Task_ReportData.pp" --obj_directory="Tasks"  "../Tasks/Task_ReportData.c"
"../Tasks/Task_ReportData.c", line 40: error #110: expression preceding parentheses of apparent call must have (pointer-to-) function type
1 error detected in the compilation of "../Tasks/Task_ReportData.c".

>> Compilation failure
gmake: *** [Tasks/Task_ReportData.obj] Error 1
gmake: Target `all' not remade because of errors.

**** Build Finished ****

**** Build of configuration Debug for project FreeRTOS823_3_TM4C1294_Base_Test ****

"C:\\ti\\ccsv6\\utils\\bin\\gmake" -k all 
'Building file: ../Tasks/Task_ReportData.c'
'Invoking: ARM Compiler'
"C:/ti/ccsv6/tools/compiler/ti-cgt-arm_5.2.5/bin/armcl" -mv7M4 --code_state=16 --float_support=FPv4SPD16 --abi=eabi -me --include_path="C:/Users/DreyCow/workspace/TI_ARM_Tiva_Projects_EECS_690_Sp16/FreeRTOS823_3_TM4C1294_Base_Test" --include_path="C:/Users/DreyCow/workspace/TI_ARM_Tiva_Projects_EECS_690_Sp16/FreeRTOS823_3_TM4C1294_Base_Test/Drivers" --include_path="C:/Users/DreyCow/workspace/TI_ARM_Tiva_Projects_EECS_690_Sp16/Source/portable/CCS/ARM_CM4F" --include_path="C:/Users/DreyCow/workspace/TI_ARM_Tiva_Projects_EECS_690_Sp16/Source/include" --include_path="C:/ti/ccsv6/tools/compiler/ti-cgt-arm_5.2.5/include" --include_path="C:/TI_CodeComposer/TivaWare" -g --gcc --define=ccs="ccs" --define=PART_TM4C1294NCPDT --super_quiet --diag_wrap=off --diag_warning=225 --display_error_number --printf_support=full -k --asm_listing --preproc_with_compile --preproc_dependency="Tasks/Task_ReportData.pp" --obj_directory="Tasks"  "../Tasks/Task_ReportData.c"
'Finished building: ../Tasks/Task_ReportData.c'
' '
'Building target: FreeRTOS823_3_TM4C1294_Base_Test.out'
'Invoking: ARM Linker'
"C:/ti/ccsv6/tools/compiler/ti-cgt-arm_5.2.5/bin/armcl" -mv7M4 --code_state=16 --float_support=FPv4SPD16 --abi=eabi -me -g --gcc --define=ccs="ccs" --define=PART_TM4C1294NCPDT --super_quiet --diag_wrap=off --diag_warning=225 --display_error_number --printf_support=full -k --asm_listing -z -m"FreeRTOS823_3_TM4C1294_Base_Test.map" --heap_size=0x0800 --stack_size=0x0800 -i"C:/ti/ccsv6/tools/compiler/ti-cgt-arm_5.2.5/lib" -i"C:/ti/ccsv6/tools/compiler/ti-cgt-arm_5.2.5/include" --reread_libs --display_error_number --diag_wrap=off --warn_sections --xml_link_info="FreeRTOS823_3_TM4C1294_Base_Test_linkInfo.xml" --rom_model -o "FreeRTOS823_3_TM4C1294_Base_Test.out" "./Main_Base_Test.obj" "./TM4C_FreeRTOS_Base_Startup.obj" "./heap_2.obj" "./Tasks/Task_Blinky.obj" "./Tasks/Task_HeaterOn.obj" "./Tasks/Task_PID.obj" "./Tasks/Task_ReportData.obj" "./Tasks/Task_Simple_ADC.obj" "./Source/croutine.obj" "./Source/event_groups.obj" "./Source/list.obj" "./Source/queue.obj" "./Source/tasks.obj" "./Source/timers.obj" "./Source/portable/CCS/ARM_CM4F/port.obj" "./Source/portable/CCS/ARM_CM4F/portasm.obj" "./Drivers/Processor_Initialization_TM4C1294.obj" "./Drivers/UART.obj" "../tm4c1294ncpdt.cmd"  -l"libc.a" -l"C:\TI_CodeComposer\TivaWare\driverlib\ccs\Debug\driverlib.lib" 
'Finished building target: FreeRTOS823_3_TM4C1294_Base_Test.out'
' '
'Invoking: ARM Hex Utility'
"C:/ti/ccsv6/tools/compiler/ti-cgt-arm_5.2.5/bin/armhex"  -o "FreeRTOS823_3_TM4C1294_Base_Test.hex"  "FreeRTOS823_3_TM4C1294_Base_Test.out" 
Translating to Extended Tektronix format...
   "FreeRTOS823_3_TM4C1294_Base_Test.out" .intvecs ==> .intvecs
   "FreeRTOS823_3_TM4C1294_Base_Test.out" .text ==> .text
   "FreeRTOS823_3_TM4C1294_Base_Test.out" .const ==> .const
   "FreeRTOS823_3_TM4C1294_Base_Test.out" .cinit ==> .cinit
'Finished building: FreeRTOS823_3_TM4C1294_Base_Test.hex'
' '

**** Build Finished ****

**** Build of configuration Debug for project FreeRTOS823_3_TM4C1294_Base_Test ****

"C:\\ti\\ccsv6\\utils\\bin\\gmake" -k all 
gmake: Nothing to be done for `all'.

**** Build Finished ****

**** Build of configuration Debug for project FreeRTOS823_3_TM4C1294_Base_Test ****

"C:\\ti\\ccsv6\\utils\\bin\\gmake" -k all 
'Building file: ../Tasks/Task_ReportData.c'
'Invoking: ARM Compiler'
"C:/ti/ccsv6/tools/compiler/ti-cgt-arm_5.2.5/bin/armcl" -mv7M4 --code_state=16 --float_support=FPv4SPD16 --abi=eabi -me --include_path="C:/Users/DreyCow/workspace/TI_ARM_Tiva_Projects_EECS_690_Sp16/FreeRTOS823_3_TM4C1294_Base_Test" --include_path="C:/Users/DreyCow/workspace/TI_ARM_Tiva_Projects_EECS_690_Sp16/FreeRTOS823_3_TM4C1294_Base_Test/Drivers" --include_path="C:/Users/DreyCow/workspace/TI_ARM_Tiva_Projects_EECS_690_Sp16/Source/portable/CCS/ARM_CM4F" --include_path="C:/Users/DreyCow/workspace/TI_ARM_Tiva_Projects_EECS_690_Sp16/Source/include" --include_path="C:/ti/ccsv6/tools/compiler/ti-cgt-arm_5.2.5/include" --include_path="C:/TI_CodeComposer/TivaWare" -g --gcc --define=ccs="ccs" --define=PART_TM4C1294NCPDT --super_quiet --diag_wrap=off --diag_warning=225 --display_error_number --printf_support=full -k --asm_listing --preproc_with_compile --preproc_dependency="Tasks/Task_ReportData.pp" --obj_directory="Tasks"  "../Tasks/Task_ReportData.c"
'Finished building: ../Tasks/Task_ReportData.c'
' '
'Building file: ../Tasks/Task_Simple_ADC.c'
'Invoking: ARM Compiler'
"C:/ti/ccsv6/tools/compiler/ti-cgt-arm_5.2.5/bin/armcl" -mv7M4 --code_state=16 --float_support=FPv4SPD16 --abi=eabi -me --include_path="C:/Users/DreyCow/workspace/TI_ARM_Tiva_Projects_EECS_690_Sp16/FreeRTOS823_3_TM4C1294_Base_Test" --include_path="C:/Users/DreyCow/workspace/TI_ARM_Tiva_Projects_EECS_690_Sp16/FreeRTOS823_3_TM4C1294_Base_Test/Drivers" --include_path="C:/Users/DreyCow/workspace/TI_ARM_Tiva_Projects_EECS_690_Sp16/Source/portable/CCS/ARM_CM4F" --include_path="C:/Users/DreyCow/workspace/TI_ARM_Tiva_Projects_EECS_690_Sp16/Source/include" --include_path="C:/ti/ccsv6/tools/compiler/ti-cgt-arm_5.2.5/include" --include_path="C:/TI_CodeComposer/TivaWare" -g --gcc --define=ccs="ccs" --define=PART_TM4C1294NCPDT --super_quiet --diag_wrap=off --diag_warning=225 --display_error_number --printf_support=full -k --asm_listing --preproc_with_compile --preproc_dependency="Tasks/Task_Simple_ADC.pp" --obj_directory="Tasks"  "../Tasks/Task_Simple_ADC.c"
'Finished building: ../Tasks/Task_Simple_ADC.c'
' '
'Building target: FreeRTOS823_3_TM4C1294_Base_Test.out'
'Invoking: ARM Linker'
"C:/ti/ccsv6/tools/compiler/ti-cgt-arm_5.2.5/bin/armcl" -mv7M4 --code_state=16 --float_support=FPv4SPD16 --abi=eabi -me -g --gcc --define=ccs="ccs" --define=PART_TM4C1294NCPDT --super_quiet --diag_wrap=off --diag_warning=225 --display_error_number --printf_support=full -k --asm_listing -z -m"FreeRTOS823_3_TM4C1294_Base_Test.map" --heap_size=0x0800 --stack_size=0x0800 -i"C:/ti/ccsv6/tools/compiler/ti-cgt-arm_5.2.5/lib" -i"C:/ti/ccsv6/tools/compiler/ti-cgt-arm_5.2.5/include" --reread_libs --display_error_number --diag_wrap=off --warn_sections --xml_link_info="FreeRTOS823_3_TM4C1294_Base_Test_linkInfo.xml" --rom_model -o "FreeRTOS823_3_TM4C1294_Base_Test.out" "./Main_Base_Test.obj" "./TM4C_FreeRTOS_Base_Startup.obj" "./heap_2.obj" "./Tasks/Task_Blinky.obj" "./Tasks/Task_HeaterOn.obj" "./Tasks/Task_PID.obj" "./Tasks/Task_ReportData.obj" "./Tasks/Task_Simple_ADC.obj" "./Source/croutine.obj" "./Source/event_groups.obj" "./Source/list.obj" "./Source/queue.obj" "./Source/tasks.obj" "./Source/timers.obj" "./Source/portable/CCS/ARM_CM4F/port.obj" "./Source/portable/CCS/ARM_CM4F/portasm.obj" "./Drivers/Processor_Initialization_TM4C1294.obj" "./Drivers/UART.obj" "../tm4c1294ncpdt.cmd"  -l"libc.a" -l"C:\TI_CodeComposer\TivaWare\driverlib\ccs\Debug\driverlib.lib" 
'Finished building target: FreeRTOS823_3_TM4C1294_Base_Test.out'
' '
'Invoking: ARM Hex Utility'
"C:/ti/ccsv6/tools/compiler/ti-cgt-arm_5.2.5/bin/armhex"  -o "FreeRTOS823_3_TM4C1294_Base_Test.hex"  "FreeRTOS823_3_TM4C1294_Base_Test.out" 
Translating to Extended Tektronix format...
   "FreeRTOS823_3_TM4C1294_Base_Test.out" .intvecs ==> .intvecs
   "FreeRTOS823_3_TM4C1294_Base_Test.out" .text ==> .text
   "FreeRTOS823_3_TM4C1294_Base_Test.out" .const ==> .const
   "FreeRTOS823_3_TM4C1294_Base_Test.out" .cinit ==> .cinit
'Finished building: FreeRTOS823_3_TM4C1294_Base_Test.hex'
' '

**** Build Finished ****

**** Build of configuration Debug for project FreeRTOS823_3_TM4C1294_Base_Test ****

"C:\\ti\\ccsv6\\utils\\bin\\gmake" -k all 
'Building file: ../Tasks/Task_ReportData.c'
'Invoking: ARM Compiler'
"C:/ti/ccsv6/tools/compiler/ti-cgt-arm_5.2.5/bin/armcl" -mv7M4 --code_state=16 --float_support=FPv4SPD16 --abi=eabi -me --include_path="C:/Users/DreyCow/workspace/TI_ARM_Tiva_Projects_EECS_690_Sp16/FreeRTOS823_3_TM4C1294_Base_Test" --include_path="C:/Users/DreyCow/workspace/TI_ARM_Tiva_Projects_EECS_690_Sp16/FreeRTOS823_3_TM4C1294_Base_Test/Drivers" --include_path="C:/Users/DreyCow/workspace/TI_ARM_Tiva_Projects_EECS_690_Sp16/Source/portable/CCS/ARM_CM4F" --include_path="C:/Users/DreyCow/workspace/TI_ARM_Tiva_Projects_EECS_690_Sp16/Source/include" --include_path="C:/ti/ccsv6/tools/compiler/ti-cgt-arm_5.2.5/include" --include_path="C:/TI_CodeComposer/TivaWare" -g --gcc --define=ccs="ccs" --define=PART_TM4C1294NCPDT --super_quiet --diag_wrap=off --diag_warning=225 --display_error_number --printf_support=full -k --asm_listing --preproc_with_compile --preproc_dependency="Tasks/Task_ReportData.pp" --obj_directory="Tasks"  "../Tasks/Task_ReportData.c"
'Finished building: ../Tasks/Task_ReportData.c'
' '
'Building target: FreeRTOS823_3_TM4C1294_Base_Test.out'
'Invoking: ARM Linker'
"C:/ti/ccsv6/tools/compiler/ti-cgt-arm_5.2.5/bin/armcl" -mv7M4 --code_state=16 --float_support=FPv4SPD16 --abi=eabi -me -g --gcc --define=ccs="ccs" --define=PART_TM4C1294NCPDT --super_quiet --diag_wrap=off --diag_warning=225 --display_error_number --printf_support=full -k --asm_listing -z -m"FreeRTOS823_3_TM4C1294_Base_Test.map" --heap_size=0x0800 --stack_size=0x0800 -i"C:/ti/ccsv6/tools/compiler/ti-cgt-arm_5.2.5/lib" -i"C:/ti/ccsv6/tools/compiler/ti-cgt-arm_5.2.5/include" --reread_libs --display_error_number --diag_wrap=off --warn_sections --xml_link_info="FreeRTOS823_3_TM4C1294_Base_Test_linkInfo.xml" --rom_model -o "FreeRTOS823_3_TM4C1294_Base_Test.out" "./Main_Base_Test.obj" "./TM4C_FreeRTOS_Base_Startup.obj" "./heap_2.obj" "./Tasks/Task_Blinky.obj" "./Tasks/Task_HeaterOn.obj" "./Tasks/Task_PID.obj" "./Tasks/Task_ReportData.obj" "./Tasks/Task_Simple_ADC.obj" "./Source/croutine.obj" "./Source/event_groups.obj" "./Source/list.obj" "./Source/queue.obj" "./Source/tasks.obj" "./Source/timers.obj" "./Source/portable/CCS/ARM_CM4F/port.obj" "./Source/portable/CCS/ARM_CM4F/portasm.obj" "./Drivers/Processor_Initialization_TM4C1294.obj" "./Drivers/UART.obj" "../tm4c1294ncpdt.cmd"  -l"libc.a" -l"C:\TI_CodeComposer\TivaWare\driverlib\ccs\Debug\driverlib.lib" 
'Finished building target: FreeRTOS823_3_TM4C1294_Base_Test.out'
' '
'Invoking: ARM Hex Utility'
"C:/ti/ccsv6/tools/compiler/ti-cgt-arm_5.2.5/bin/armhex"  -o "FreeRTOS823_3_TM4C1294_Base_Test.hex"  "FreeRTOS823_3_TM4C1294_Base_Test.out" 
Translating to Extended Tektronix format...
   "FreeRTOS823_3_TM4C1294_Base_Test.out" .intvecs ==> .intvecs
   "FreeRTOS823_3_TM4C1294_Base_Test.out" .text ==> .text
   "FreeRTOS823_3_TM4C1294_Base_Test.out" .const ==> .const
   "FreeRTOS823_3_TM4C1294_Base_Test.out" .cinit ==> .cinit
'Finished building: FreeRTOS823_3_TM4C1294_Base_Test.hex'
' '

**** Build Finished ****

**** Build of configuration Debug for project FreeRTOS823_3_TM4C1294_Base_Test ****

"C:\\ti\\ccsv6\\utils\\bin\\gmake" -k all 
'Building file: ../Tasks/Task_Simple_ADC.c'
'Invoking: ARM Compiler'
"C:/ti/ccsv6/tools/compiler/ti-cgt-arm_5.2.5/bin/armcl" -mv7M4 --code_state=16 --float_support=FPv4SPD16 --abi=eabi -me --include_path="C:/Users/DreyCow/workspace/TI_ARM_Tiva_Projects_EECS_690_Sp16/FreeRTOS823_3_TM4C1294_Base_Test" --include_path="C:/Users/DreyCow/workspace/TI_ARM_Tiva_Projects_EECS_690_Sp16/FreeRTOS823_3_TM4C1294_Base_Test/Drivers" --include_path="C:/Users/DreyCow/workspace/TI_ARM_Tiva_Projects_EECS_690_Sp16/Source/portable/CCS/ARM_CM4F" --include_path="C:/Users/DreyCow/workspace/TI_ARM_Tiva_Projects_EECS_690_Sp16/Source/include" --include_path="C:/ti/ccsv6/tools/compiler/ti-cgt-arm_5.2.5/include" --include_path="C:/TI_CodeComposer/TivaWare" -g --gcc --define=ccs="ccs" --define=PART_TM4C1294NCPDT --super_quiet --diag_wrap=off --diag_warning=225 --display_error_number --printf_support=full -k --asm_listing --preproc_with_compile --preproc_dependency="Tasks/Task_Simple_ADC.pp" --obj_directory="Tasks"  "../Tasks/Task_Simple_ADC.c"
'Finished building: ../Tasks/Task_Simple_ADC.c'
' '
'Building target: FreeRTOS823_3_TM4C1294_Base_Test.out'
'Invoking: ARM Linker'
"C:/ti/ccsv6/tools/compiler/ti-cgt-arm_5.2.5/bin/armcl" -mv7M4 --code_state=16 --float_support=FPv4SPD16 --abi=eabi -me -g --gcc --define=ccs="ccs" --define=PART_TM4C1294NCPDT --super_quiet --diag_wrap=off --diag_warning=225 --display_error_number --printf_support=full -k --asm_listing -z -m"FreeRTOS823_3_TM4C1294_Base_Test.map" --heap_size=0x0800 --stack_size=0x0800 -i"C:/ti/ccsv6/tools/compiler/ti-cgt-arm_5.2.5/lib" -i"C:/ti/ccsv6/tools/compiler/ti-cgt-arm_5.2.5/include" --reread_libs --display_error_number --diag_wrap=off --warn_sections --xml_link_info="FreeRTOS823_3_TM4C1294_Base_Test_linkInfo.xml" --rom_model -o "FreeRTOS823_3_TM4C1294_Base_Test.out" "./Main_Base_Test.obj" "./TM4C_FreeRTOS_Base_Startup.obj" "./heap_2.obj" "./Tasks/Task_Blinky.obj" "./Tasks/Task_HeaterOn.obj" "./Tasks/Task_PID.obj" "./Tasks/Task_ReportData.obj" "./Tasks/Task_Simple_ADC.obj" "./Source/croutine.obj" "./Source/event_groups.obj" "./Source/list.obj" "./Source/queue.obj" "./Source/tasks.obj" "./Source/timers.obj" "./Source/portable/CCS/ARM_CM4F/port.obj" "./Source/portable/CCS/ARM_CM4F/portasm.obj" "./Drivers/Processor_Initialization_TM4C1294.obj" "./Drivers/UART.obj" "../tm4c1294ncpdt.cmd"  -l"libc.a" -l"C:\TI_CodeComposer\TivaWare\driverlib\ccs\Debug\driverlib.lib" 
'Finished building target: FreeRTOS823_3_TM4C1294_Base_Test.out'
' '
'Invoking: ARM Hex Utility'
"C:/ti/ccsv6/tools/compiler/ti-cgt-arm_5.2.5/bin/armhex"  -o "FreeRTOS823_3_TM4C1294_Base_Test.hex"  "FreeRTOS823_3_TM4C1294_Base_Test.out" 
Translating to Extended Tektronix format...
   "FreeRTOS823_3_TM4C1294_Base_Test.out" .intvecs ==> .intvecs
   "FreeRTOS823_3_TM4C1294_Base_Test.out" .text ==> .text
   "FreeRTOS823_3_TM4C1294_Base_Test.out" .const ==> .const
   "FreeRTOS823_3_TM4C1294_Base_Test.out" .cinit ==> .cinit
'Finished building: FreeRTOS823_3_TM4C1294_Base_Test.hex'
' '

**** Build Finished ****

**** Build of configuration Debug for project FreeRTOS823_3_TM4C1294_Base_Test ****

"C:\\ti\\ccsv6\\utils\\bin\\gmake" -k all 
gmake: Nothing to be done for `all'.

**** Build Finished ****

**** Build of configuration Debug for project FreeRTOS823_3_TM4C1294_Base_Test ****

"C:\\ti\\ccsv6\\utils\\bin\\gmake" -k all 
'Building file: ../Tasks/Task_ReportData.c'
'Invoking: ARM Compiler'
"C:/ti/ccsv6/tools/compiler/ti-cgt-arm_5.2.5/bin/armcl" -mv7M4 --code_state=16 --float_support=FPv4SPD16 --abi=eabi -me --include_path="C:/Users/DreyCow/workspace/TI_ARM_Tiva_Projects_EECS_690_Sp16/FreeRTOS823_3_TM4C1294_Base_Test" --include_path="C:/Users/DreyCow/workspace/TI_ARM_Tiva_Projects_EECS_690_Sp16/FreeRTOS823_3_TM4C1294_Base_Test/Drivers" --include_path="C:/Users/DreyCow/workspace/TI_ARM_Tiva_Projects_EECS_690_Sp16/Source/portable/CCS/ARM_CM4F" --include_path="C:/Users/DreyCow/workspace/TI_ARM_Tiva_Projects_EECS_690_Sp16/Source/include" --include_path="C:/ti/ccsv6/tools/compiler/ti-cgt-arm_5.2.5/include" --include_path="C:/TI_CodeComposer/TivaWare" -g --gcc --define=ccs="ccs" --define=PART_TM4C1294NCPDT --super_quiet --diag_wrap=off --diag_warning=225 --display_error_number --printf_support=full -k --asm_listing --preproc_with_compile --preproc_dependency="Tasks/Task_ReportData.pp" --obj_directory="Tasks"  "../Tasks/Task_ReportData.c"
'Finished building: ../Tasks/Task_ReportData.c'
' '
'Building target: FreeRTOS823_3_TM4C1294_Base_Test.out'
'Invoking: ARM Linker'
"C:/ti/ccsv6/tools/compiler/ti-cgt-arm_5.2.5/bin/armcl" -mv7M4 --code_state=16 --float_support=FPv4SPD16 --abi=eabi -me -g --gcc --define=ccs="ccs" --define=PART_TM4C1294NCPDT --super_quiet --diag_wrap=off --diag_warning=225 --display_error_number --printf_support=full -k --asm_listing -z -m"FreeRTOS823_3_TM4C1294_Base_Test.map" --heap_size=0x0800 --stack_size=0x0800 -i"C:/ti/ccsv6/tools/compiler/ti-cgt-arm_5.2.5/lib" -i"C:/ti/ccsv6/tools/compiler/ti-cgt-arm_5.2.5/include" --reread_libs --display_error_number --diag_wrap=off --warn_sections --xml_link_info="FreeRTOS823_3_TM4C1294_Base_Test_linkInfo.xml" --rom_model -o "FreeRTOS823_3_TM4C1294_Base_Test.out" "./Main_Base_Test.obj" "./TM4C_FreeRTOS_Base_Startup.obj" "./heap_2.obj" "./Tasks/Task_Blinky.obj" "./Tasks/Task_HeaterOn.obj" "./Tasks/Task_PID.obj" "./Tasks/Task_ReportData.obj" "./Tasks/Task_Simple_ADC.obj" "./Source/croutine.obj" "./Source/event_groups.obj" "./Source/list.obj" "./Source/queue.obj" "./Source/tasks.obj" "./Source/timers.obj" "./Source/portable/CCS/ARM_CM4F/port.obj" "./Source/portable/CCS/ARM_CM4F/portasm.obj" "./Drivers/Processor_Initialization_TM4C1294.obj" "./Drivers/UART.obj" "../tm4c1294ncpdt.cmd"  -l"libc.a" -l"C:\TI_CodeComposer\TivaWare\driverlib\ccs\Debug\driverlib.lib" 
'Finished building target: FreeRTOS823_3_TM4C1294_Base_Test.out'
' '
'Invoking: ARM Hex Utility'
"C:/ti/ccsv6/tools/compiler/ti-cgt-arm_5.2.5/bin/armhex"  -o "FreeRTOS823_3_TM4C1294_Base_Test.hex"  "FreeRTOS823_3_TM4C1294_Base_Test.out" 
Translating to Extended Tektronix format...
   "FreeRTOS823_3_TM4C1294_Base_Test.out" .intvecs ==> .intvecs
   "FreeRTOS823_3_TM4C1294_Base_Test.out" .text ==> .text
   "FreeRTOS823_3_TM4C1294_Base_Test.out" .const ==> .const
   "FreeRTOS823_3_TM4C1294_Base_Test.out" .cinit ==> .cinit
'Finished building: FreeRTOS823_3_TM4C1294_Base_Test.hex'
' '

**** Build Finished ****

**** Build of configuration Debug for project FreeRTOS823_3_TM4C1294_Base_Test ****

"C:\\ti\\ccsv6\\utils\\bin\\gmake" -k all 
gmake: Nothing to be done for `all'.

**** Build Finished ****

**** Build of configuration Debug for project FreeRTOS823_3_TM4C1294_Base_Test ****

"C:\\ti\\ccsv6\\utils\\bin\\gmake" -k all 
'Building file: ../Tasks/Task_ReportData.c'
'Invoking: ARM Compiler'
"C:/ti/ccsv6/tools/compiler/ti-cgt-arm_5.2.5/bin/armcl" -mv7M4 --code_state=16 --float_support=FPv4SPD16 --abi=eabi -me --include_path="C:/Users/DreyCow/workspace/TI_ARM_Tiva_Projects_EECS_690_Sp16/FreeRTOS823_3_TM4C1294_Base_Test" --include_path="C:/Users/DreyCow/workspace/TI_ARM_Tiva_Projects_EECS_690_Sp16/FreeRTOS823_3_TM4C1294_Base_Test/Drivers" --include_path="C:/Users/DreyCow/workspace/TI_ARM_Tiva_Projects_EECS_690_Sp16/Source/portable/CCS/ARM_CM4F" --include_path="C:/Users/DreyCow/workspace/TI_ARM_Tiva_Projects_EECS_690_Sp16/Source/include" --include_path="C:/ti/ccsv6/tools/compiler/ti-cgt-arm_5.2.5/include" --include_path="C:/TI_CodeComposer/TivaWare" -g --gcc --define=ccs="ccs" --define=PART_TM4C1294NCPDT --super_quiet --diag_wrap=off --diag_warning=225 --display_error_number --printf_support=full -k --asm_listing --preproc_with_compile --preproc_dependency="Tasks/Task_ReportData.pp" --obj_directory="Tasks"  "../Tasks/Task_ReportData.c"
"../Tasks/Task_ReportData.c", line 40: warning #225-D: function "xSemaphoreCreateSemaphore" declared implicitly
"../Tasks/Task_ReportData.c", line 40: warning #515-D: a value of type "int" cannot be assigned to an entity of type "SemaphoreHandle_t"
'Finished building: ../Tasks/Task_ReportData.c'
' '
'Building target: FreeRTOS823_3_TM4C1294_Base_Test.out'
'Invoking: ARM Linker'
"C:/ti/ccsv6/tools/compiler/ti-cgt-arm_5.2.5/bin/armcl" -mv7M4 --code_state=16 --float_support=FPv4SPD16 --abi=eabi -me -g --gcc --define=ccs="ccs" --define=PART_TM4C1294NCPDT --super_quiet --diag_wrap=off --diag_warning=225 --display_error_number --printf_support=full -k --asm_listing -z -m"FreeRTOS823_3_TM4C1294_Base_Test.map" --heap_size=0x0800 --stack_size=0x0800 -i"C:/ti/ccsv6/tools/compiler/ti-cgt-arm_5.2.5/lib" -i"C:/ti/ccsv6/tools/compiler/ti-cgt-arm_5.2.5/include" --reread_libs --display_error_number --diag_wrap=off --warn_sections --xml_link_info="FreeRTOS823_3_TM4C1294_Base_Test_linkInfo.xml" --rom_model -o "FreeRTOS823_3_TM4C1294_Base_Test.out" "./Main_Base_Test.obj" "./TM4C_FreeRTOS_Base_Startup.obj" "./heap_2.obj" "./Tasks/Task_Blinky.obj" "./Tasks/Task_HeaterOn.obj" "./Tasks/Task_PID.obj" "./Tasks/Task_ReportData.obj" "./Tasks/Task_Simple_ADC.obj" "./Source/croutine.obj" "./Source/event_groups.obj" "./Source/list.obj" "./Source/queue.obj" "./Source/tasks.obj" "./Source/timers.obj" "./Source/portable/CCS/ARM_CM4F/port.obj" "./Source/portable/CCS/ARM_CM4F/portasm.obj" "./Drivers/Processor_Initialization_TM4C1294.obj" "./Drivers/UART.obj" "../tm4c1294ncpdt.cmd"  -l"libc.a" -l"C:\TI_CodeComposer\TivaWare\driverlib\ccs\Debug\driverlib.lib" 

 undefined                 first referenced           
  symbol                       in file                
 ---------                 ----------------           
 xSemaphoreCreateSemaphore ./Tasks/Task_ReportData.obj

error #10234-D: unresolved symbols remain
error #10010: errors encountered during linking; "FreeRTOS823_3_TM4C1294_Base_Test.out" not built

>> Compilation failure
gmake: *** [FreeRTOS823_3_TM4C1294_Base_Test.out] Error 1
gmake: Target `all' not remade because of errors.

**** Build Finished ****

**** Build of configuration Debug for project FreeRTOS823_3_TM4C1294_Base_Test ****

"C:\\ti\\ccsv6\\utils\\bin\\gmake" -k all 
'Building target: FreeRTOS823_3_TM4C1294_Base_Test.out'
'Invoking: ARM Linker'
"C:/ti/ccsv6/tools/compiler/ti-cgt-arm_5.2.5/bin/armcl" -mv7M4 --code_state=16 --float_support=FPv4SPD16 --abi=eabi -me -g --gcc --define=ccs="ccs" --define=PART_TM4C1294NCPDT --super_quiet --diag_wrap=off --diag_warning=225 --display_error_number --printf_support=full -k --asm_listing -z -m"FreeRTOS823_3_TM4C1294_Base_Test.map" --heap_size=0x0800 --stack_size=0x0800 -i"C:/ti/ccsv6/tools/compiler/ti-cgt-arm_5.2.5/lib" -i"C:/ti/ccsv6/tools/compiler/ti-cgt-arm_5.2.5/include" --reread_libs --display_error_number --diag_wrap=off --warn_sections --xml_link_info="FreeRTOS823_3_TM4C1294_Base_Test_linkInfo.xml" --rom_model -o "FreeRTOS823_3_TM4C1294_Base_Test.out" "./Main_Base_Test.obj" "./TM4C_FreeRTOS_Base_Startup.obj" "./heap_2.obj" "./Tasks/Task_Blinky.obj" "./Tasks/Task_HeaterOn.obj" "./Tasks/Task_PID.obj" "./Tasks/Task_ReportData.obj" "./Tasks/Task_Simple_ADC.obj" "./Source/croutine.obj" "./Source/event_groups.obj" "./Source/list.obj" "./Source/queue.obj" "./Source/tasks.obj" "./Source/timers.obj" "./Source/portable/CCS/ARM_CM4F/port.obj" "./Source/portable/CCS/ARM_CM4F/portasm.obj" "./Drivers/Processor_Initialization_TM4C1294.obj" "./Drivers/UART.obj" "../tm4c1294ncpdt.cmd"  -l"libc.a" -l"C:\TI_CodeComposer\TivaWare\driverlib\ccs\Debug\driverlib.lib" 

 undefined                 first referenced           
  symbol                       in file                
 ---------                 ----------------           
 xSemaphoreCreateSemaphore ./Tasks/Task_ReportData.obj

error #10234-D: unresolved symbols remain
error #10010: errors encountered during linking; "FreeRTOS823_3_TM4C1294_Base_Test.out" not built

>> Compilation failure
gmake: *** [FreeRTOS823_3_TM4C1294_Base_Test.out] Error 1
gmake: Target `all' not remade because of errors.

**** Build Finished ****

**** Build of configuration Debug for project FreeRTOS823_3_TM4C1294_Base_Test ****

"C:\\ti\\ccsv6\\utils\\bin\\gmake" -k all 
'Building file: ../Tasks/Task_ReportData.c'
'Invoking: ARM Compiler'
"C:/ti/ccsv6/tools/compiler/ti-cgt-arm_5.2.5/bin/armcl" -mv7M4 --code_state=16 --float_support=FPv4SPD16 --abi=eabi -me --include_path="C:/Users/DreyCow/workspace/TI_ARM_Tiva_Projects_EECS_690_Sp16/FreeRTOS823_3_TM4C1294_Base_Test" --include_path="C:/Users/DreyCow/workspace/TI_ARM_Tiva_Projects_EECS_690_Sp16/FreeRTOS823_3_TM4C1294_Base_Test/Drivers" --include_path="C:/Users/DreyCow/workspace/TI_ARM_Tiva_Projects_EECS_690_Sp16/Source/portable/CCS/ARM_CM4F" --include_path="C:/Users/DreyCow/workspace/TI_ARM_Tiva_Projects_EECS_690_Sp16/Source/include" --include_path="C:/ti/ccsv6/tools/compiler/ti-cgt-arm_5.2.5/include" --include_path="C:/TI_CodeComposer/TivaWare" -g --gcc --define=ccs="ccs" --define=PART_TM4C1294NCPDT --super_quiet --diag_wrap=off --diag_warning=225 --display_error_number --printf_support=full -k --asm_listing --preproc_with_compile --preproc_dependency="Tasks/Task_ReportData.pp" --obj_directory="Tasks"  "../Tasks/Task_ReportData.c"
'Finished building: ../Tasks/Task_ReportData.c'
' '
'Building target: FreeRTOS823_3_TM4C1294_Base_Test.out'
'Invoking: ARM Linker'
"C:/ti/ccsv6/tools/compiler/ti-cgt-arm_5.2.5/bin/armcl" -mv7M4 --code_state=16 --float_support=FPv4SPD16 --abi=eabi -me -g --gcc --define=ccs="ccs" --define=PART_TM4C1294NCPDT --super_quiet --diag_wrap=off --diag_warning=225 --display_error_number --printf_support=full -k --asm_listing -z -m"FreeRTOS823_3_TM4C1294_Base_Test.map" --heap_size=0x0800 --stack_size=0x0800 -i"C:/ti/ccsv6/tools/compiler/ti-cgt-arm_5.2.5/lib" -i"C:/ti/ccsv6/tools/compiler/ti-cgt-arm_5.2.5/include" --reread_libs --display_error_number --diag_wrap=off --warn_sections --xml_link_info="FreeRTOS823_3_TM4C1294_Base_Test_linkInfo.xml" --rom_model -o "FreeRTOS823_3_TM4C1294_Base_Test.out" "./Main_Base_Test.obj" "./TM4C_FreeRTOS_Base_Startup.obj" "./heap_2.obj" "./Tasks/Task_Blinky.obj" "./Tasks/Task_HeaterOn.obj" "./Tasks/Task_PID.obj" "./Tasks/Task_ReportData.obj" "./Tasks/Task_Simple_ADC.obj" "./Source/croutine.obj" "./Source/event_groups.obj" "./Source/list.obj" "./Source/queue.obj" "./Source/tasks.obj" "./Source/timers.obj" "./Source/portable/CCS/ARM_CM4F/port.obj" "./Source/portable/CCS/ARM_CM4F/portasm.obj" "./Drivers/Processor_Initialization_TM4C1294.obj" "./Drivers/UART.obj" "../tm4c1294ncpdt.cmd"  -l"libc.a" -l"C:\TI_CodeComposer\TivaWare\driverlib\ccs\Debug\driverlib.lib" 
'Finished building target: FreeRTOS823_3_TM4C1294_Base_Test.out'
' '
'Invoking: ARM Hex Utility'
"C:/ti/ccsv6/tools/compiler/ti-cgt-arm_5.2.5/bin/armhex"  -o "FreeRTOS823_3_TM4C1294_Base_Test.hex"  "FreeRTOS823_3_TM4C1294_Base_Test.out" 
Translating to Extended Tektronix format...
   "FreeRTOS823_3_TM4C1294_Base_Test.out" .intvecs ==> .intvecs
   "FreeRTOS823_3_TM4C1294_Base_Test.out" .text ==> .text
   "FreeRTOS823_3_TM4C1294_Base_Test.out" .const ==> .const
   "FreeRTOS823_3_TM4C1294_Base_Test.out" .cinit ==> .cinit
'Finished building: FreeRTOS823_3_TM4C1294_Base_Test.hex'
' '

**** Build Finished ****

**** Build of configuration Debug for project FreeRTOS823_3_TM4C1294_Base_Test ****

"C:\\ti\\ccsv6\\utils\\bin\\gmake" -k all 
gmake: Nothing to be done for `all'.

**** Build Finished ****

**** Build of configuration Debug for project FreeRTOS823_3_TM4C1294_Base_Test ****

"C:\\ti\\ccsv6\\utils\\bin\\gmake" -k all 
'Building file: ../Tasks/Task_ReportData.c'
'Invoking: ARM Compiler'
"C:/ti/ccsv6/tools/compiler/ti-cgt-arm_5.2.5/bin/armcl" -mv7M4 --code_state=16 --float_support=FPv4SPD16 --abi=eabi -me --include_path="C:/Users/DreyCow/workspace/TI_ARM_Tiva_Projects_EECS_690_Sp16/FreeRTOS823_3_TM4C1294_Base_Test" --include_path="C:/Users/DreyCow/workspace/TI_ARM_Tiva_Projects_EECS_690_Sp16/FreeRTOS823_3_TM4C1294_Base_Test/Drivers" --include_path="C:/Users/DreyCow/workspace/TI_ARM_Tiva_Projects_EECS_690_Sp16/Source/portable/CCS/ARM_CM4F" --include_path="C:/Users/DreyCow/workspace/TI_ARM_Tiva_Projects_EECS_690_Sp16/Source/include" --include_path="C:/ti/ccsv6/tools/compiler/ti-cgt-arm_5.2.5/include" --include_path="C:/TI_CodeComposer/TivaWare" -g --gcc --define=ccs="ccs" --define=PART_TM4C1294NCPDT --super_quiet --diag_wrap=off --diag_warning=225 --display_error_number --printf_support=full -k --asm_listing --preproc_with_compile --preproc_dependency="Tasks/Task_ReportData.pp" --obj_directory="Tasks"  "../Tasks/Task_ReportData.c"
'Finished building: ../Tasks/Task_ReportData.c'
' '
'Building target: FreeRTOS823_3_TM4C1294_Base_Test.out'
'Invoking: ARM Linker'
"C:/ti/ccsv6/tools/compiler/ti-cgt-arm_5.2.5/bin/armcl" -mv7M4 --code_state=16 --float_support=FPv4SPD16 --abi=eabi -me -g --gcc --define=ccs="ccs" --define=PART_TM4C1294NCPDT --super_quiet --diag_wrap=off --diag_warning=225 --display_error_number --printf_support=full -k --asm_listing -z -m"FreeRTOS823_3_TM4C1294_Base_Test.map" --heap_size=0x0800 --stack_size=0x0800 -i"C:/ti/ccsv6/tools/compiler/ti-cgt-arm_5.2.5/lib" -i"C:/ti/ccsv6/tools/compiler/ti-cgt-arm_5.2.5/include" --reread_libs --display_error_number --diag_wrap=off --warn_sections --xml_link_info="FreeRTOS823_3_TM4C1294_Base_Test_linkInfo.xml" --rom_model -o "FreeRTOS823_3_TM4C1294_Base_Test.out" "./Main_Base_Test.obj" "./TM4C_FreeRTOS_Base_Startup.obj" "./heap_2.obj" "./Tasks/Task_Blinky.obj" "./Tasks/Task_HeaterOn.obj" "./Tasks/Task_PID.obj" "./Tasks/Task_ReportData.obj" "./Tasks/Task_Simple_ADC.obj" "./Source/croutine.obj" "./Source/event_groups.obj" "./Source/list.obj" "./Source/queue.obj" "./Source/tasks.obj" "./Source/timers.obj" "./Source/portable/CCS/ARM_CM4F/port.obj" "./Source/portable/CCS/ARM_CM4F/portasm.obj" "./Drivers/Processor_Initialization_TM4C1294.obj" "./Drivers/UART.obj" "../tm4c1294ncpdt.cmd"  -l"libc.a" -l"C:\TI_CodeComposer\TivaWare\driverlib\ccs\Debug\driverlib.lib" 
'Finished building target: FreeRTOS823_3_TM4C1294_Base_Test.out'
' '
'Invoking: ARM Hex Utility'
"C:/ti/ccsv6/tools/compiler/ti-cgt-arm_5.2.5/bin/armhex"  -o "FreeRTOS823_3_TM4C1294_Base_Test.hex"  "FreeRTOS823_3_TM4C1294_Base_Test.out" 
Translating to Extended Tektronix format...
   "FreeRTOS823_3_TM4C1294_Base_Test.out" .intvecs ==> .intvecs
   "FreeRTOS823_3_TM4C1294_Base_Test.out" .text ==> .text
   "FreeRTOS823_3_TM4C1294_Base_Test.out" .const ==> .const
   "FreeRTOS823_3_TM4C1294_Base_Test.out" .cinit ==> .cinit
'Finished building: FreeRTOS823_3_TM4C1294_Base_Test.hex'
' '

**** Build Finished ****

**** Build of configuration Debug for project FreeRTOS823_3_TM4C1294_Base_Test ****

"C:\\ti\\ccsv6\\utils\\bin\\gmake" -k all 
'Building file: ../Main_Base_Test.c'
'Invoking: ARM Compiler'
"C:/ti/ccsv6/tools/compiler/ti-cgt-arm_5.2.5/bin/armcl" -mv7M4 --code_state=16 --float_support=FPv4SPD16 --abi=eabi -me --include_path="C:/Users/DreyCow/workspace/TI_ARM_Tiva_Projects_EECS_690_Sp16/FreeRTOS823_3_TM4C1294_Base_Test" --include_path="C:/Users/DreyCow/workspace/TI_ARM_Tiva_Projects_EECS_690_Sp16/FreeRTOS823_3_TM4C1294_Base_Test/Drivers" --include_path="C:/Users/DreyCow/workspace/TI_ARM_Tiva_Projects_EECS_690_Sp16/Source/portable/CCS/ARM_CM4F" --include_path="C:/Users/DreyCow/workspace/TI_ARM_Tiva_Projects_EECS_690_Sp16/Source/include" --include_path="C:/ti/ccsv6/tools/compiler/ti-cgt-arm_5.2.5/include" --include_path="C:/TI_CodeComposer/TivaWare" -g --gcc --define=ccs="ccs" --define=PART_TM4C1294NCPDT --super_quiet --diag_wrap=off --diag_warning=225 --display_error_number --printf_support=full -k --asm_listing --preproc_with_compile --preproc_dependency="Main_Base_Test.pp"  "../Main_Base_Test.c"
"../Main_Base_Test.c", line 33: warning #552-D: variable "Status" was set but never used
'Finished building: ../Main_Base_Test.c'
' '
'Building target: FreeRTOS823_3_TM4C1294_Base_Test.out'
'Invoking: ARM Linker'
"C:/ti/ccsv6/tools/compiler/ti-cgt-arm_5.2.5/bin/armcl" -mv7M4 --code_state=16 --float_support=FPv4SPD16 --abi=eabi -me -g --gcc --define=ccs="ccs" --define=PART_TM4C1294NCPDT --super_quiet --diag_wrap=off --diag_warning=225 --display_error_number --printf_support=full -k --asm_listing -z -m"FreeRTOS823_3_TM4C1294_Base_Test.map" --heap_size=0x0800 --stack_size=0x0800 -i"C:/ti/ccsv6/tools/compiler/ti-cgt-arm_5.2.5/lib" -i"C:/ti/ccsv6/tools/compiler/ti-cgt-arm_5.2.5/include" --reread_libs --display_error_number --diag_wrap=off --warn_sections --xml_link_info="FreeRTOS823_3_TM4C1294_Base_Test_linkInfo.xml" --rom_model -o "FreeRTOS823_3_TM4C1294_Base_Test.out" "./Main_Base_Test.obj" "./TM4C_FreeRTOS_Base_Startup.obj" "./heap_2.obj" "./Tasks/Task_Blinky.obj" "./Tasks/Task_HeaterOn.obj" "./Tasks/Task_PID.obj" "./Tasks/Task_ReportData.obj" "./Tasks/Task_Simple_ADC.obj" "./Source/croutine.obj" "./Source/event_groups.obj" "./Source/list.obj" "./Source/queue.obj" "./Source/tasks.obj" "./Source/timers.obj" "./Source/portable/CCS/ARM_CM4F/port.obj" "./Source/portable/CCS/ARM_CM4F/portasm.obj" "./Drivers/Processor_Initialization_TM4C1294.obj" "./Drivers/UART.obj" "../tm4c1294ncpdt.cmd"  -l"libc.a" -l"C:\TI_CodeComposer\TivaWare\driverlib\ccs\Debug\driverlib.lib" 
'Finished building target: FreeRTOS823_3_TM4C1294_Base_Test.out'
' '
'Invoking: ARM Hex Utility'
"C:/ti/ccsv6/tools/compiler/ti-cgt-arm_5.2.5/bin/armhex"  -o "FreeRTOS823_3_TM4C1294_Base_Test.hex"  "FreeRTOS823_3_TM4C1294_Base_Test.out" 
Translating to Extended Tektronix format...
   "FreeRTOS823_3_TM4C1294_Base_Test.out" .intvecs ==> .intvecs
   "FreeRTOS823_3_TM4C1294_Base_Test.out" .text ==> .text
   "FreeRTOS823_3_TM4C1294_Base_Test.out" .const ==> .const
   "FreeRTOS823_3_TM4C1294_Base_Test.out" .cinit ==> .cinit
'Finished building: FreeRTOS823_3_TM4C1294_Base_Test.hex'
' '

**** Build Finished ****

**** Build of configuration Debug for project FreeRTOS823_3_TM4C1294_Base_Test ****

"C:\\ti\\ccsv6\\utils\\bin\\gmake" -k all 
'Building file: ../Tasks/Task_ReportData.c'
'Invoking: ARM Compiler'
"C:/ti/ccsv6/tools/compiler/ti-cgt-arm_5.2.5/bin/armcl" -mv7M4 --code_state=16 --float_support=FPv4SPD16 --abi=eabi -me --include_path="C:/Users/DreyCow/workspace/TI_ARM_Tiva_Projects_EECS_690_Sp16/FreeRTOS823_3_TM4C1294_Base_Test" --include_path="C:/Users/DreyCow/workspace/TI_ARM_Tiva_Projects_EECS_690_Sp16/FreeRTOS823_3_TM4C1294_Base_Test/Drivers" --include_path="C:/Users/DreyCow/workspace/TI_ARM_Tiva_Projects_EECS_690_Sp16/Source/portable/CCS/ARM_CM4F" --include_path="C:/Users/DreyCow/workspace/TI_ARM_Tiva_Projects_EECS_690_Sp16/Source/include" --include_path="C:/ti/ccsv6/tools/compiler/ti-cgt-arm_5.2.5/include" --include_path="C:/TI_CodeComposer/TivaWare" -g --gcc --define=ccs="ccs" --define=PART_TM4C1294NCPDT --super_quiet --diag_wrap=off --diag_warning=225 --display_error_number --printf_support=full -k --asm_listing --preproc_with_compile --preproc_dependency="Tasks/Task_ReportData.pp" --obj_directory="Tasks"  "../Tasks/Task_ReportData.c"
'Finished building: ../Tasks/Task_ReportData.c'
' '
'Building target: FreeRTOS823_3_TM4C1294_Base_Test.out'
'Invoking: ARM Linker'
"C:/ti/ccsv6/tools/compiler/ti-cgt-arm_5.2.5/bin/armcl" -mv7M4 --code_state=16 --float_support=FPv4SPD16 --abi=eabi -me -g --gcc --define=ccs="ccs" --define=PART_TM4C1294NCPDT --super_quiet --diag_wrap=off --diag_warning=225 --display_error_number --printf_support=full -k --asm_listing -z -m"FreeRTOS823_3_TM4C1294_Base_Test.map" --heap_size=0x0800 --stack_size=0x0800 -i"C:/ti/ccsv6/tools/compiler/ti-cgt-arm_5.2.5/lib" -i"C:/ti/ccsv6/tools/compiler/ti-cgt-arm_5.2.5/include" --reread_libs --display_error_number --diag_wrap=off --warn_sections --xml_link_info="FreeRTOS823_3_TM4C1294_Base_Test_linkInfo.xml" --rom_model -o "FreeRTOS823_3_TM4C1294_Base_Test.out" "./Main_Base_Test.obj" "./TM4C_FreeRTOS_Base_Startup.obj" "./heap_2.obj" "./Tasks/Task_Blinky.obj" "./Tasks/Task_HeaterOn.obj" "./Tasks/Task_PID.obj" "./Tasks/Task_ReportData.obj" "./Tasks/Task_Simple_ADC.obj" "./Source/croutine.obj" "./Source/event_groups.obj" "./Source/list.obj" "./Source/queue.obj" "./Source/tasks.obj" "./Source/timers.obj" "./Source/portable/CCS/ARM_CM4F/port.obj" "./Source/portable/CCS/ARM_CM4F/portasm.obj" "./Drivers/Processor_Initialization_TM4C1294.obj" "./Drivers/UART.obj" "../tm4c1294ncpdt.cmd"  -l"libc.a" -l"C:\TI_CodeComposer\TivaWare\driverlib\ccs\Debug\driverlib.lib" 
'Finished building target: FreeRTOS823_3_TM4C1294_Base_Test.out'
' '
'Invoking: ARM Hex Utility'
"C:/ti/ccsv6/tools/compiler/ti-cgt-arm_5.2.5/bin/armhex"  -o "FreeRTOS823_3_TM4C1294_Base_Test.hex"  "FreeRTOS823_3_TM4C1294_Base_Test.out" 
Translating to Extended Tektronix format...
   "FreeRTOS823_3_TM4C1294_Base_Test.out" .intvecs ==> .intvecs
   "FreeRTOS823_3_TM4C1294_Base_Test.out" .text ==> .text
   "FreeRTOS823_3_TM4C1294_Base_Test.out" .const ==> .const
   "FreeRTOS823_3_TM4C1294_Base_Test.out" .cinit ==> .cinit
'Finished building: FreeRTOS823_3_TM4C1294_Base_Test.hex'
' '

**** Build Finished ****

**** Build of configuration Debug for project FreeRTOS823_3_TM4C1294_Base_Test ****

"C:\\ti\\ccsv6\\utils\\bin\\gmake" -k all 
gmake: Nothing to be done for `all'.

**** Build Finished ****

**** Build of configuration Debug for project FreeRTOS823_3_TM4C1294_Base_Test ****

"C:\\ti\\ccsv6\\utils\\bin\\gmake" -k all 
'Building file: ../Main_Base_Test.c'
'Invoking: ARM Compiler'
"C:/ti/ccsv6/tools/compiler/ti-cgt-arm_5.2.5/bin/armcl" -mv7M4 --code_state=16 --float_support=FPv4SPD16 --abi=eabi -me --include_path="C:/Users/DreyCow/workspace/TI_ARM_Tiva_Projects_EECS_690_Sp16/FreeRTOS823_3_TM4C1294_Base_Test" --include_path="C:/Users/DreyCow/workspace/TI_ARM_Tiva_Projects_EECS_690_Sp16/FreeRTOS823_3_TM4C1294_Base_Test/Drivers" --include_path="C:/Users/DreyCow/workspace/TI_ARM_Tiva_Projects_EECS_690_Sp16/Source/portable/CCS/ARM_CM4F" --include_path="C:/Users/DreyCow/workspace/TI_ARM_Tiva_Projects_EECS_690_Sp16/Source/include" --include_path="C:/ti/ccsv6/tools/compiler/ti-cgt-arm_5.2.5/include" --include_path="C:/TI_CodeComposer/TivaWare" -g --gcc --define=ccs="ccs" --define=PART_TM4C1294NCPDT --super_quiet --diag_wrap=off --diag_warning=225 --display_error_number --printf_support=full -k --asm_listing --preproc_with_compile --preproc_dependency="Main_Base_Test.pp"  "../Main_Base_Test.c"
"../Main_Base_Test.c", line 33: warning #552-D: variable "Status" was set but never used
'Finished building: ../Main_Base_Test.c'
' '
'Building target: FreeRTOS823_3_TM4C1294_Base_Test.out'
'Invoking: ARM Linker'
"C:/ti/ccsv6/tools/compiler/ti-cgt-arm_5.2.5/bin/armcl" -mv7M4 --code_state=16 --float_support=FPv4SPD16 --abi=eabi -me -g --gcc --define=ccs="ccs" --define=PART_TM4C1294NCPDT --super_quiet --diag_wrap=off --diag_warning=225 --display_error_number --printf_support=full -k --asm_listing -z -m"FreeRTOS823_3_TM4C1294_Base_Test.map" --heap_size=0x0800 --stack_size=0x0800 -i"C:/ti/ccsv6/tools/compiler/ti-cgt-arm_5.2.5/lib" -i"C:/ti/ccsv6/tools/compiler/ti-cgt-arm_5.2.5/include" --reread_libs --display_error_number --diag_wrap=off --warn_sections --xml_link_info="FreeRTOS823_3_TM4C1294_Base_Test_linkInfo.xml" --rom_model -o "FreeRTOS823_3_TM4C1294_Base_Test.out" "./Main_Base_Test.obj" "./TM4C_FreeRTOS_Base_Startup.obj" "./heap_2.obj" "./Tasks/Task_Blinky.obj" "./Tasks/Task_HeaterOn.obj" "./Tasks/Task_PID.obj" "./Tasks/Task_ReportData.obj" "./Tasks/Task_Simple_ADC.obj" "./Source/croutine.obj" "./Source/event_groups.obj" "./Source/list.obj" "./Source/queue.obj" "./Source/tasks.obj" "./Source/timers.obj" "./Source/portable/CCS/ARM_CM4F/port.obj" "./Source/portable/CCS/ARM_CM4F/portasm.obj" "./Drivers/Processor_Initialization_TM4C1294.obj" "./Drivers/UART.obj" "../tm4c1294ncpdt.cmd"  -l"libc.a" -l"C:\TI_CodeComposer\TivaWare\driverlib\ccs\Debug\driverlib.lib" 
'Finished building target: FreeRTOS823_3_TM4C1294_Base_Test.out'
' '
'Invoking: ARM Hex Utility'
"C:/ti/ccsv6/tools/compiler/ti-cgt-arm_5.2.5/bin/armhex"  -o "FreeRTOS823_3_TM4C1294_Base_Test.hex"  "FreeRTOS823_3_TM4C1294_Base_Test.out" 
Translating to Extended Tektronix format...
   "FreeRTOS823_3_TM4C1294_Base_Test.out" .intvecs ==> .intvecs
   "FreeRTOS823_3_TM4C1294_Base_Test.out" .text ==> .text
   "FreeRTOS823_3_TM4C1294_Base_Test.out" .const ==> .const
   "FreeRTOS823_3_TM4C1294_Base_Test.out" .cinit ==> .cinit
'Finished building: FreeRTOS823_3_TM4C1294_Base_Test.hex'
' '

**** Build Finished ****

**** Build of configuration Debug for project FreeRTOS823_3_TM4C1294_Base_Test ****

"C:\\ti\\ccsv6\\utils\\bin\\gmake" -k all 
'Building file: ../Main_Base_Test.c'
'Invoking: ARM Compiler'
"C:/ti/ccsv6/tools/compiler/ti-cgt-arm_5.2.5/bin/armcl" -mv7M4 --code_state=16 --float_support=FPv4SPD16 --abi=eabi -me --include_path="C:/Users/DreyCow/workspace/TI_ARM_Tiva_Projects_EECS_690_Sp16/FreeRTOS823_3_TM4C1294_Base_Test" --include_path="C:/Users/DreyCow/workspace/TI_ARM_Tiva_Projects_EECS_690_Sp16/FreeRTOS823_3_TM4C1294_Base_Test/Drivers" --include_path="C:/Users/DreyCow/workspace/TI_ARM_Tiva_Projects_EECS_690_Sp16/Source/portable/CCS/ARM_CM4F" --include_path="C:/Users/DreyCow/workspace/TI_ARM_Tiva_Projects_EECS_690_Sp16/Source/include" --include_path="C:/ti/ccsv6/tools/compiler/ti-cgt-arm_5.2.5/include" --include_path="C:/TI_CodeComposer/TivaWare" -g --gcc --define=ccs="ccs" --define=PART_TM4C1294NCPDT --super_quiet --diag_wrap=off --diag_warning=225 --display_error_number --printf_support=full -k --asm_listing --preproc_with_compile --preproc_dependency="Main_Base_Test.pp"  "../Main_Base_Test.c"
"../Main_Base_Test.c", line 33: warning #552-D: variable "Status" was set but never used
'Finished building: ../Main_Base_Test.c'
' '
'Building target: FreeRTOS823_3_TM4C1294_Base_Test.out'
'Invoking: ARM Linker'
"C:/ti/ccsv6/tools/compiler/ti-cgt-arm_5.2.5/bin/armcl" -mv7M4 --code_state=16 --float_support=FPv4SPD16 --abi=eabi -me -g --gcc --define=ccs="ccs" --define=PART_TM4C1294NCPDT --super_quiet --diag_wrap=off --diag_warning=225 --display_error_number --printf_support=full -k --asm_listing -z -m"FreeRTOS823_3_TM4C1294_Base_Test.map" --heap_size=0x0800 --stack_size=0x0800 -i"C:/ti/ccsv6/tools/compiler/ti-cgt-arm_5.2.5/lib" -i"C:/ti/ccsv6/tools/compiler/ti-cgt-arm_5.2.5/include" --reread_libs --display_error_number --diag_wrap=off --warn_sections --xml_link_info="FreeRTOS823_3_TM4C1294_Base_Test_linkInfo.xml" --rom_model -o "FreeRTOS823_3_TM4C1294_Base_Test.out" "./Main_Base_Test.obj" "./TM4C_FreeRTOS_Base_Startup.obj" "./heap_2.obj" "./Tasks/Task_Blinky.obj" "./Tasks/Task_HeaterOn.obj" "./Tasks/Task_PID.obj" "./Tasks/Task_ReportData.obj" "./Tasks/Task_Simple_ADC.obj" "./Source/croutine.obj" "./Source/event_groups.obj" "./Source/list.obj" "./Source/queue.obj" "./Source/tasks.obj" "./Source/timers.obj" "./Source/portable/CCS/ARM_CM4F/port.obj" "./Source/portable/CCS/ARM_CM4F/portasm.obj" "./Drivers/Processor_Initialization_TM4C1294.obj" "./Drivers/UART.obj" "../tm4c1294ncpdt.cmd"  -l"libc.a" -l"C:\TI_CodeComposer\TivaWare\driverlib\ccs\Debug\driverlib.lib" 
'Finished building target: FreeRTOS823_3_TM4C1294_Base_Test.out'
' '
'Invoking: ARM Hex Utility'
"C:/ti/ccsv6/tools/compiler/ti-cgt-arm_5.2.5/bin/armhex"  -o "FreeRTOS823_3_TM4C1294_Base_Test.hex"  "FreeRTOS823_3_TM4C1294_Base_Test.out" 
Translating to Extended Tektronix format...
   "FreeRTOS823_3_TM4C1294_Base_Test.out" .intvecs ==> .intvecs
   "FreeRTOS823_3_TM4C1294_Base_Test.out" .text ==> .text
   "FreeRTOS823_3_TM4C1294_Base_Test.out" .const ==> .const
   "FreeRTOS823_3_TM4C1294_Base_Test.out" .cinit ==> .cinit
'Finished building: FreeRTOS823_3_TM4C1294_Base_Test.hex'
' '

**** Build Finished ****

**** Build of configuration Debug for project FreeRTOS823_3_TM4C1294_Base_Test ****

"C:\\ti\\ccsv6\\utils\\bin\\gmake" -k all 
'Building file: ../Main_Base_Test.c'
'Invoking: ARM Compiler'
"C:/ti/ccsv6/tools/compiler/ti-cgt-arm_5.2.5/bin/armcl" -mv7M4 --code_state=16 --float_support=FPv4SPD16 --abi=eabi -me --include_path="C:/Users/DreyCow/workspace/TI_ARM_Tiva_Projects_EECS_690_Sp16/FreeRTOS823_3_TM4C1294_Base_Test" --include_path="C:/Users/DreyCow/workspace/TI_ARM_Tiva_Projects_EECS_690_Sp16/FreeRTOS823_3_TM4C1294_Base_Test/Drivers" --include_path="C:/Users/DreyCow/workspace/TI_ARM_Tiva_Projects_EECS_690_Sp16/Source/portable/CCS/ARM_CM4F" --include_path="C:/Users/DreyCow/workspace/TI_ARM_Tiva_Projects_EECS_690_Sp16/Source/include" --include_path="C:/ti/ccsv6/tools/compiler/ti-cgt-arm_5.2.5/include" --include_path="C:/TI_CodeComposer/TivaWare" -g --gcc --define=ccs="ccs" --define=PART_TM4C1294NCPDT --super_quiet --diag_wrap=off --diag_warning=225 --display_error_number --printf_support=full -k --asm_listing --preproc_with_compile --preproc_dependency="Main_Base_Test.pp"  "../Main_Base_Test.c"
"../Main_Base_Test.c", line 45: error #20: identifier "Task_PID" is undefined
"../Main_Base_Test.c", line 33: warning #552-D: variable "Status" was set but never used
1 error detected in the compilation of "../Main_Base_Test.c".

>> Compilation failure
gmake: *** [Main_Base_Test.obj] Error 1
'Building file: ../Tasks/Task_Simple_ADC.c'
'Invoking: ARM Compiler'
"C:/ti/ccsv6/tools/compiler/ti-cgt-arm_5.2.5/bin/armcl" -mv7M4 --code_state=16 --float_support=FPv4SPD16 --abi=eabi -me --include_path="C:/Users/DreyCow/workspace/TI_ARM_Tiva_Projects_EECS_690_Sp16/FreeRTOS823_3_TM4C1294_Base_Test" --include_path="C:/Users/DreyCow/workspace/TI_ARM_Tiva_Projects_EECS_690_Sp16/FreeRTOS823_3_TM4C1294_Base_Test/Drivers" --include_path="C:/Users/DreyCow/workspace/TI_ARM_Tiva_Projects_EECS_690_Sp16/Source/portable/CCS/ARM_CM4F" --include_path="C:/Users/DreyCow/workspace/TI_ARM_Tiva_Projects_EECS_690_Sp16/Source/include" --include_path="C:/ti/ccsv6/tools/compiler/ti-cgt-arm_5.2.5/include" --include_path="C:/TI_CodeComposer/TivaWare" -g --gcc --define=ccs="ccs" --define=PART_TM4C1294NCPDT --super_quiet --diag_wrap=off --diag_warning=225 --display_error_number --printf_support=full -k --asm_listing --preproc_with_compile --preproc_dependency="Tasks/Task_Simple_ADC.pp" --obj_directory="Tasks"  "../Tasks/Task_Simple_ADC.c"
"../Tasks/Task_Simple_ADC.c", line 140: error #20: identifier "PIDQueue" is undefined
1 error detected in the compilation of "../Tasks/Task_Simple_ADC.c".

>> Compilation failure
gmake: *** [Tasks/Task_Simple_ADC.obj] Error 1
gmake: Target `all' not remade because of errors.

**** Build Finished ****

**** Build of configuration Debug for project FreeRTOS823_3_TM4C1294_Base_Test ****

"C:\\ti\\ccsv6\\utils\\bin\\gmake" -k all 
'Building file: ../Main_Base_Test.c'
'Invoking: ARM Compiler'
"C:/ti/ccsv6/tools/compiler/ti-cgt-arm_5.2.5/bin/armcl" -mv7M4 --code_state=16 --float_support=FPv4SPD16 --abi=eabi -me --include_path="C:/Users/DreyCow/workspace/TI_ARM_Tiva_Projects_EECS_690_Sp16/FreeRTOS823_3_TM4C1294_Base_Test" --include_path="C:/Users/DreyCow/workspace/TI_ARM_Tiva_Projects_EECS_690_Sp16/FreeRTOS823_3_TM4C1294_Base_Test/Drivers" --include_path="C:/Users/DreyCow/workspace/TI_ARM_Tiva_Projects_EECS_690_Sp16/Source/portable/CCS/ARM_CM4F" --include_path="C:/Users/DreyCow/workspace/TI_ARM_Tiva_Projects_EECS_690_Sp16/Source/include" --include_path="C:/ti/ccsv6/tools/compiler/ti-cgt-arm_5.2.5/include" --include_path="C:/TI_CodeComposer/TivaWare" -g --gcc --define=ccs="ccs" --define=PART_TM4C1294NCPDT --super_quiet --diag_wrap=off --diag_warning=225 --display_error_number --printf_support=full -k --asm_listing --preproc_with_compile --preproc_dependency="Main_Base_Test.pp"  "../Main_Base_Test.c"
"../Main_Base_Test.c", line 45: error #20: identifier "Task_PID" is undefined
"../Main_Base_Test.c", line 33: warning #552-D: variable "Status" was set but never used
1 error detected in the compilation of "../Main_Base_Test.c".

>> Compilation failure
gmake: *** [Main_Base_Test.obj] Error 1
'Building file: ../Tasks/Task_Simple_ADC.c'
'Invoking: ARM Compiler'
"C:/ti/ccsv6/tools/compiler/ti-cgt-arm_5.2.5/bin/armcl" -mv7M4 --code_state=16 --float_support=FPv4SPD16 --abi=eabi -me --include_path="C:/Users/DreyCow/workspace/TI_ARM_Tiva_Projects_EECS_690_Sp16/FreeRTOS823_3_TM4C1294_Base_Test" --include_path="C:/Users/DreyCow/workspace/TI_ARM_Tiva_Projects_EECS_690_Sp16/FreeRTOS823_3_TM4C1294_Base_Test/Drivers" --include_path="C:/Users/DreyCow/workspace/TI_ARM_Tiva_Projects_EECS_690_Sp16/Source/portable/CCS/ARM_CM4F" --include_path="C:/Users/DreyCow/workspace/TI_ARM_Tiva_Projects_EECS_690_Sp16/Source/include" --include_path="C:/ti/ccsv6/tools/compiler/ti-cgt-arm_5.2.5/include" --include_path="C:/TI_CodeComposer/TivaWare" -g --gcc --define=ccs="ccs" --define=PART_TM4C1294NCPDT --super_quiet --diag_wrap=off --diag_warning=225 --display_error_number --printf_support=full -k --asm_listing --preproc_with_compile --preproc_dependency="Tasks/Task_Simple_ADC.pp" --obj_directory="Tasks"  "../Tasks/Task_Simple_ADC.c"
'Finished building: ../Tasks/Task_Simple_ADC.c'
' '
gmake: Target `all' not remade because of errors.

**** Build Finished ****

**** Build of configuration Debug for project FreeRTOS823_3_TM4C1294_Base_Test ****

"C:\\ti\\ccsv6\\utils\\bin\\gmake" -k all 
'Building file: ../Main_Base_Test.c'
'Invoking: ARM Compiler'
"C:/ti/ccsv6/tools/compiler/ti-cgt-arm_5.2.5/bin/armcl" -mv7M4 --code_state=16 --float_support=FPv4SPD16 --abi=eabi -me --include_path="C:/Users/DreyCow/workspace/TI_ARM_Tiva_Projects_EECS_690_Sp16/FreeRTOS823_3_TM4C1294_Base_Test" --include_path="C:/Users/DreyCow/workspace/TI_ARM_Tiva_Projects_EECS_690_Sp16/FreeRTOS823_3_TM4C1294_Base_Test/Drivers" --include_path="C:/Users/DreyCow/workspace/TI_ARM_Tiva_Projects_EECS_690_Sp16/Source/portable/CCS/ARM_CM4F" --include_path="C:/Users/DreyCow/workspace/TI_ARM_Tiva_Projects_EECS_690_Sp16/Source/include" --include_path="C:/ti/ccsv6/tools/compiler/ti-cgt-arm_5.2.5/include" --include_path="C:/TI_CodeComposer/TivaWare" -g --gcc --define=ccs="ccs" --define=PART_TM4C1294NCPDT --super_quiet --diag_wrap=off --diag_warning=225 --display_error_number --printf_support=full -k --asm_listing --preproc_with_compile --preproc_dependency="Main_Base_Test.pp"  "../Main_Base_Test.c"
"../Main_Base_Test.c", line 33: warning #552-D: variable "Status" was set but never used
'Finished building: ../Main_Base_Test.c'
' '
'Building target: FreeRTOS823_3_TM4C1294_Base_Test.out'
'Invoking: ARM Linker'
"C:/ti/ccsv6/tools/compiler/ti-cgt-arm_5.2.5/bin/armcl" -mv7M4 --code_state=16 --float_support=FPv4SPD16 --abi=eabi -me -g --gcc --define=ccs="ccs" --define=PART_TM4C1294NCPDT --super_quiet --diag_wrap=off --diag_warning=225 --display_error_number --printf_support=full -k --asm_listing -z -m"FreeRTOS823_3_TM4C1294_Base_Test.map" --heap_size=0x0800 --stack_size=0x0800 -i"C:/ti/ccsv6/tools/compiler/ti-cgt-arm_5.2.5/lib" -i"C:/ti/ccsv6/tools/compiler/ti-cgt-arm_5.2.5/include" --reread_libs --display_error_number --diag_wrap=off --warn_sections --xml_link_info="FreeRTOS823_3_TM4C1294_Base_Test_linkInfo.xml" --rom_model -o "FreeRTOS823_3_TM4C1294_Base_Test.out" "./Main_Base_Test.obj" "./TM4C_FreeRTOS_Base_Startup.obj" "./heap_2.obj" "./Tasks/Task_Blinky.obj" "./Tasks/Task_HeaterOn.obj" "./Tasks/Task_PID.obj" "./Tasks/Task_ReportData.obj" "./Tasks/Task_Simple_ADC.obj" "./Source/croutine.obj" "./Source/event_groups.obj" "./Source/list.obj" "./Source/queue.obj" "./Source/tasks.obj" "./Source/timers.obj" "./Source/portable/CCS/ARM_CM4F/port.obj" "./Source/portable/CCS/ARM_CM4F/portasm.obj" "./Drivers/Processor_Initialization_TM4C1294.obj" "./Drivers/UART.obj" "../tm4c1294ncpdt.cmd"  -l"libc.a" -l"C:\TI_CodeComposer\TivaWare\driverlib\ccs\Debug\driverlib.lib" 
'Finished building target: FreeRTOS823_3_TM4C1294_Base_Test.out'
' '
'Invoking: ARM Hex Utility'
"C:/ti/ccsv6/tools/compiler/ti-cgt-arm_5.2.5/bin/armhex"  -o "FreeRTOS823_3_TM4C1294_Base_Test.hex"  "FreeRTOS823_3_TM4C1294_Base_Test.out" 
Translating to Extended Tektronix format...
   "FreeRTOS823_3_TM4C1294_Base_Test.out" .intvecs ==> .intvecs
   "FreeRTOS823_3_TM4C1294_Base_Test.out" .text ==> .text
   "FreeRTOS823_3_TM4C1294_Base_Test.out" .const ==> .const
   "FreeRTOS823_3_TM4C1294_Base_Test.out" .cinit ==> .cinit
'Finished building: FreeRTOS823_3_TM4C1294_Base_Test.hex'
' '

**** Build Finished ****

**** Build of configuration Debug for project FreeRTOS823_3_TM4C1294_Base_Test ****

"C:\\ti\\ccsv6\\utils\\bin\\gmake" -k all 
gmake: Nothing to be done for `all'.

**** Build Finished ****

**** Build of configuration Debug for project FreeRTOS823_3_TM4C1294_Base_Test ****

"C:\\ti\\ccsv6\\utils\\bin\\gmake" -k all 
'Building file: ../Tasks/Task_PID.c'
'Invoking: ARM Compiler'
"C:/ti/ccsv6/tools/compiler/ti-cgt-arm_5.2.5/bin/armcl" -mv7M4 --code_state=16 --float_support=FPv4SPD16 --abi=eabi -me --include_path="C:/Users/DreyCow/workspace/TI_ARM_Tiva_Projects_EECS_690_Sp16/FreeRTOS823_3_TM4C1294_Base_Test" --include_path="C:/Users/DreyCow/workspace/TI_ARM_Tiva_Projects_EECS_690_Sp16/FreeRTOS823_3_TM4C1294_Base_Test/Drivers" --include_path="C:/Users/DreyCow/workspace/TI_ARM_Tiva_Projects_EECS_690_Sp16/Source/portable/CCS/ARM_CM4F" --include_path="C:/Users/DreyCow/workspace/TI_ARM_Tiva_Projects_EECS_690_Sp16/Source/include" --include_path="C:/ti/ccsv6/tools/compiler/ti-cgt-arm_5.2.5/include" --include_path="C:/TI_CodeComposer/TivaWare" -g --gcc --define=ccs="ccs" --define=PART_TM4C1294NCPDT --super_quiet --diag_wrap=off --diag_warning=225 --display_error_number --printf_support=full -k --asm_listing --preproc_with_compile --preproc_dependency="Tasks/Task_PID.pp" --obj_directory="Tasks"  "../Tasks/Task_PID.c"
"../Tasks/Task_PID.c", line 34: error #20: identifier "SemaphoreHandle_t" is undefined
"../Tasks/Task_PID.c", line 53: warning #225-D: function "xSemaphoreTake" declared implicitly
"../Tasks/Task_PID.c", line 55: error #20: identifier "data2" is undefined
"../Tasks/Task_PID.c", line 79: error #20: identifier "xSemaphoreData" is undefined
"../Tasks/Task_PID.c", line 82: warning #225-D: function "xSemaphoreGive" declared implicitly
"../Tasks/Task_PID.c", line 88: warning #225-D: function "xSemaphoreGive" declared implicitly
3 errors detected in the compilation of "../Tasks/Task_PID.c".

>> Compilation failure
gmake: *** [Tasks/Task_PID.obj] Error 1
'Building file: ../Tasks/Task_ReportData.c'
'Invoking: ARM Compiler'
"C:/ti/ccsv6/tools/compiler/ti-cgt-arm_5.2.5/bin/armcl" -mv7M4 --code_state=16 --float_support=FPv4SPD16 --abi=eabi -me --include_path="C:/Users/DreyCow/workspace/TI_ARM_Tiva_Projects_EECS_690_Sp16/FreeRTOS823_3_TM4C1294_Base_Test" --include_path="C:/Users/DreyCow/workspace/TI_ARM_Tiva_Projects_EECS_690_Sp16/FreeRTOS823_3_TM4C1294_Base_Test/Drivers" --include_path="C:/Users/DreyCow/workspace/TI_ARM_Tiva_Projects_EECS_690_Sp16/Source/portable/CCS/ARM_CM4F" --include_path="C:/Users/DreyCow/workspace/TI_ARM_Tiva_Projects_EECS_690_Sp16/Source/include" --include_path="C:/ti/ccsv6/tools/compiler/ti-cgt-arm_5.2.5/include" --include_path="C:/TI_CodeComposer/TivaWare" -g --gcc --define=ccs="ccs" --define=PART_TM4C1294NCPDT --super_quiet --diag_wrap=off --diag_warning=225 --display_error_number --printf_support=full -k --asm_listing --preproc_with_compile --preproc_dependency="Tasks/Task_ReportData.pp" --obj_directory="Tasks"  "../Tasks/Task_ReportData.c"
'Finished building: ../Tasks/Task_ReportData.c'
' '
'Building file: ../Tasks/Task_Simple_ADC.c'
'Invoking: ARM Compiler'
"C:/ti/ccsv6/tools/compiler/ti-cgt-arm_5.2.5/bin/armcl" -mv7M4 --code_state=16 --float_support=FPv4SPD16 --abi=eabi -me --include_path="C:/Users/DreyCow/workspace/TI_ARM_Tiva_Projects_EECS_690_Sp16/FreeRTOS823_3_TM4C1294_Base_Test" --include_path="C:/Users/DreyCow/workspace/TI_ARM_Tiva_Projects_EECS_690_Sp16/FreeRTOS823_3_TM4C1294_Base_Test/Drivers" --include_path="C:/Users/DreyCow/workspace/TI_ARM_Tiva_Projects_EECS_690_Sp16/Source/portable/CCS/ARM_CM4F" --include_path="C:/Users/DreyCow/workspace/TI_ARM_Tiva_Projects_EECS_690_Sp16/Source/include" --include_path="C:/ti/ccsv6/tools/compiler/ti-cgt-arm_5.2.5/include" --include_path="C:/TI_CodeComposer/TivaWare" -g --gcc --define=ccs="ccs" --define=PART_TM4C1294NCPDT --super_quiet --diag_wrap=off --diag_warning=225 --display_error_number --printf_support=full -k --asm_listing --preproc_with_compile --preproc_dependency="Tasks/Task_Simple_ADC.pp" --obj_directory="Tasks"  "../Tasks/Task_Simple_ADC.c"
'Finished building: ../Tasks/Task_Simple_ADC.c'
' '
gmake: Target `all' not remade because of errors.

**** Build Finished ****

**** Build of configuration Debug for project FreeRTOS823_3_TM4C1294_Base_Test ****

"C:\\ti\\ccsv6\\utils\\bin\\gmake" -k all 
'Building file: ../Tasks/Task_PID.c'
'Invoking: ARM Compiler'
"C:/ti/ccsv6/tools/compiler/ti-cgt-arm_5.2.5/bin/armcl" -mv7M4 --code_state=16 --float_support=FPv4SPD16 --abi=eabi -me --include_path="C:/Users/DreyCow/workspace/TI_ARM_Tiva_Projects_EECS_690_Sp16/FreeRTOS823_3_TM4C1294_Base_Test" --include_path="C:/Users/DreyCow/workspace/TI_ARM_Tiva_Projects_EECS_690_Sp16/FreeRTOS823_3_TM4C1294_Base_Test/Drivers" --include_path="C:/Users/DreyCow/workspace/TI_ARM_Tiva_Projects_EECS_690_Sp16/Source/portable/CCS/ARM_CM4F" --include_path="C:/Users/DreyCow/workspace/TI_ARM_Tiva_Projects_EECS_690_Sp16/Source/include" --include_path="C:/ti/ccsv6/tools/compiler/ti-cgt-arm_5.2.5/include" --include_path="C:/TI_CodeComposer/TivaWare" -g --gcc --define=ccs="ccs" --define=PART_TM4C1294NCPDT --super_quiet --diag_wrap=off --diag_warning=225 --display_error_number --printf_support=full -k --asm_listing --preproc_with_compile --preproc_dependency="Tasks/Task_PID.pp" --obj_directory="Tasks"  "../Tasks/Task_PID.c"
"../Tasks/Task_PID.c", line 56: error #20: identifier "data2" is undefined
"../Tasks/Task_PID.c", line 80: error #20: identifier "xSemaphoreData" is undefined
2 errors detected in the compilation of "../Tasks/Task_PID.c".

>> Compilation failure
gmake: *** [Tasks/Task_PID.obj] Error 1
gmake: Target `all' not remade because of errors.

**** Build Finished ****

**** Build of configuration Debug for project FreeRTOS823_3_TM4C1294_Base_Test ****

"C:\\ti\\ccsv6\\utils\\bin\\gmake" -k all 
'Building file: ../Tasks/Task_PID.c'
'Invoking: ARM Compiler'
"C:/ti/ccsv6/tools/compiler/ti-cgt-arm_5.2.5/bin/armcl" -mv7M4 --code_state=16 --float_support=FPv4SPD16 --abi=eabi -me --include_path="C:/Users/DreyCow/workspace/TI_ARM_Tiva_Projects_EECS_690_Sp16/FreeRTOS823_3_TM4C1294_Base_Test" --include_path="C:/Users/DreyCow/workspace/TI_ARM_Tiva_Projects_EECS_690_Sp16/FreeRTOS823_3_TM4C1294_Base_Test/Drivers" --include_path="C:/Users/DreyCow/workspace/TI_ARM_Tiva_Projects_EECS_690_Sp16/Source/portable/CCS/ARM_CM4F" --include_path="C:/Users/DreyCow/workspace/TI_ARM_Tiva_Projects_EECS_690_Sp16/Source/include" --include_path="C:/ti/ccsv6/tools/compiler/ti-cgt-arm_5.2.5/include" --include_path="C:/TI_CodeComposer/TivaWare" -g --gcc --define=ccs="ccs" --define=PART_TM4C1294NCPDT --super_quiet --diag_wrap=off --diag_warning=225 --display_error_number --printf_support=full -k --asm_listing --preproc_with_compile --preproc_dependency="Tasks/Task_PID.pp" --obj_directory="Tasks"  "../Tasks/Task_PID.c"
"../Tasks/Task_PID.c", line 79: error #20: identifier "xSemaphoreData" is undefined
1 error detected in the compilation of "../Tasks/Task_PID.c".

>> Compilation failure
gmake: *** [Tasks/Task_PID.obj] Error 1
gmake: Target `all' not remade because of errors.

**** Build Finished ****

**** Build of configuration Debug for project FreeRTOS823_3_TM4C1294_Base_Test ****

"C:\\ti\\ccsv6\\utils\\bin\\gmake" -k all 
'Building file: ../Tasks/Task_PID.c'
'Invoking: ARM Compiler'
"C:/ti/ccsv6/tools/compiler/ti-cgt-arm_5.2.5/bin/armcl" -mv7M4 --code_state=16 --float_support=FPv4SPD16 --abi=eabi -me --include_path="C:/Users/DreyCow/workspace/TI_ARM_Tiva_Projects_EECS_690_Sp16/FreeRTOS823_3_TM4C1294_Base_Test" --include_path="C:/Users/DreyCow/workspace/TI_ARM_Tiva_Projects_EECS_690_Sp16/FreeRTOS823_3_TM4C1294_Base_Test/Drivers" --include_path="C:/Users/DreyCow/workspace/TI_ARM_Tiva_Projects_EECS_690_Sp16/Source/portable/CCS/ARM_CM4F" --include_path="C:/Users/DreyCow/workspace/TI_ARM_Tiva_Projects_EECS_690_Sp16/Source/include" --include_path="C:/ti/ccsv6/tools/compiler/ti-cgt-arm_5.2.5/include" --include_path="C:/TI_CodeComposer/TivaWare" -g --gcc --define=ccs="ccs" --define=PART_TM4C1294NCPDT --super_quiet --diag_wrap=off --diag_warning=225 --display_error_number --printf_support=full -k --asm_listing --preproc_with_compile --preproc_dependency="Tasks/Task_PID.pp" --obj_directory="Tasks"  "../Tasks/Task_PID.c"
'Finished building: ../Tasks/Task_PID.c'
' '
'Building target: FreeRTOS823_3_TM4C1294_Base_Test.out'
'Invoking: ARM Linker'
"C:/ti/ccsv6/tools/compiler/ti-cgt-arm_5.2.5/bin/armcl" -mv7M4 --code_state=16 --float_support=FPv4SPD16 --abi=eabi -me -g --gcc --define=ccs="ccs" --define=PART_TM4C1294NCPDT --super_quiet --diag_wrap=off --diag_warning=225 --display_error_number --printf_support=full -k --asm_listing -z -m"FreeRTOS823_3_TM4C1294_Base_Test.map" --heap_size=0x0800 --stack_size=0x0800 -i"C:/ti/ccsv6/tools/compiler/ti-cgt-arm_5.2.5/lib" -i"C:/ti/ccsv6/tools/compiler/ti-cgt-arm_5.2.5/include" --reread_libs --display_error_number --diag_wrap=off --warn_sections --xml_link_info="FreeRTOS823_3_TM4C1294_Base_Test_linkInfo.xml" --rom_model -o "FreeRTOS823_3_TM4C1294_Base_Test.out" "./Main_Base_Test.obj" "./TM4C_FreeRTOS_Base_Startup.obj" "./heap_2.obj" "./Tasks/Task_Blinky.obj" "./Tasks/Task_HeaterOn.obj" "./Tasks/Task_PID.obj" "./Tasks/Task_ReportData.obj" "./Tasks/Task_Simple_ADC.obj" "./Source/croutine.obj" "./Source/event_groups.obj" "./Source/list.obj" "./Source/queue.obj" "./Source/tasks.obj" "./Source/timers.obj" "./Source/portable/CCS/ARM_CM4F/port.obj" "./Source/portable/CCS/ARM_CM4F/portasm.obj" "./Drivers/Processor_Initialization_TM4C1294.obj" "./Drivers/UART.obj" "../tm4c1294ncpdt.cmd"  -l"libc.a" -l"C:\TI_CodeComposer\TivaWare\driverlib\ccs\Debug\driverlib.lib" 
'Finished building target: FreeRTOS823_3_TM4C1294_Base_Test.out'
' '
'Invoking: ARM Hex Utility'
"C:/ti/ccsv6/tools/compiler/ti-cgt-arm_5.2.5/bin/armhex"  -o "FreeRTOS823_3_TM4C1294_Base_Test.hex"  "FreeRTOS823_3_TM4C1294_Base_Test.out" 
Translating to Extended Tektronix format...
   "FreeRTOS823_3_TM4C1294_Base_Test.out" .intvecs ==> .intvecs
   "FreeRTOS823_3_TM4C1294_Base_Test.out" .text ==> .text
   "FreeRTOS823_3_TM4C1294_Base_Test.out" .const ==> .const
   "FreeRTOS823_3_TM4C1294_Base_Test.out" .cinit ==> .cinit
'Finished building: FreeRTOS823_3_TM4C1294_Base_Test.hex'
' '

**** Build Finished ****

**** Build of configuration Debug for project FreeRTOS823_3_TM4C1294_Base_Test ****

"C:\\ti\\ccsv6\\utils\\bin\\gmake" -k all 
gmake: Nothing to be done for `all'.

**** Build Finished ****

**** Build of configuration Debug for project FreeRTOS823_3_TM4C1294_Base_Test ****

"C:\\ti\\ccsv6\\utils\\bin\\gmake" -k all 
'Building file: ../Tasks/Task_PID.c'
'Invoking: ARM Compiler'
"C:/ti/ccsv6/tools/compiler/ti-cgt-arm_5.2.5/bin/armcl" -mv7M4 --code_state=16 --float_support=FPv4SPD16 --abi=eabi -me --include_path="C:/Users/DreyCow/workspace/TI_ARM_Tiva_Projects_EECS_690_Sp16/FreeRTOS823_3_TM4C1294_Base_Test" --include_path="C:/Users/DreyCow/workspace/TI_ARM_Tiva_Projects_EECS_690_Sp16/FreeRTOS823_3_TM4C1294_Base_Test/Drivers" --include_path="C:/Users/DreyCow/workspace/TI_ARM_Tiva_Projects_EECS_690_Sp16/Source/portable/CCS/ARM_CM4F" --include_path="C:/Users/DreyCow/workspace/TI_ARM_Tiva_Projects_EECS_690_Sp16/Source/include" --include_path="C:/ti/ccsv6/tools/compiler/ti-cgt-arm_5.2.5/include" --include_path="C:/TI_CodeComposer/TivaWare" -g --gcc --define=ccs="ccs" --define=PART_TM4C1294NCPDT --super_quiet --diag_wrap=off --diag_warning=225 --display_error_number --printf_support=full -k --asm_listing --preproc_with_compile --preproc_dependency="Tasks/Task_PID.pp" --obj_directory="Tasks"  "../Tasks/Task_PID.c"
'Finished building: ../Tasks/Task_PID.c'
' '
'Building target: FreeRTOS823_3_TM4C1294_Base_Test.out'
'Invoking: ARM Linker'
"C:/ti/ccsv6/tools/compiler/ti-cgt-arm_5.2.5/bin/armcl" -mv7M4 --code_state=16 --float_support=FPv4SPD16 --abi=eabi -me -g --gcc --define=ccs="ccs" --define=PART_TM4C1294NCPDT --super_quiet --diag_wrap=off --diag_warning=225 --display_error_number --printf_support=full -k --asm_listing -z -m"FreeRTOS823_3_TM4C1294_Base_Test.map" --heap_size=0x0800 --stack_size=0x0800 -i"C:/ti/ccsv6/tools/compiler/ti-cgt-arm_5.2.5/lib" -i"C:/ti/ccsv6/tools/compiler/ti-cgt-arm_5.2.5/include" --reread_libs --display_error_number --diag_wrap=off --warn_sections --xml_link_info="FreeRTOS823_3_TM4C1294_Base_Test_linkInfo.xml" --rom_model -o "FreeRTOS823_3_TM4C1294_Base_Test.out" "./Main_Base_Test.obj" "./TM4C_FreeRTOS_Base_Startup.obj" "./heap_2.obj" "./Tasks/Task_Blinky.obj" "./Tasks/Task_HeaterOn.obj" "./Tasks/Task_PID.obj" "./Tasks/Task_ReportData.obj" "./Tasks/Task_Simple_ADC.obj" "./Source/croutine.obj" "./Source/event_groups.obj" "./Source/list.obj" "./Source/queue.obj" "./Source/tasks.obj" "./Source/timers.obj" "./Source/portable/CCS/ARM_CM4F/port.obj" "./Source/portable/CCS/ARM_CM4F/portasm.obj" "./Drivers/Processor_Initialization_TM4C1294.obj" "./Drivers/UART.obj" "../tm4c1294ncpdt.cmd"  -l"libc.a" -l"C:\TI_CodeComposer\TivaWare\driverlib\ccs\Debug\driverlib.lib" 
'Finished building target: FreeRTOS823_3_TM4C1294_Base_Test.out'
' '
'Invoking: ARM Hex Utility'
"C:/ti/ccsv6/tools/compiler/ti-cgt-arm_5.2.5/bin/armhex"  -o "FreeRTOS823_3_TM4C1294_Base_Test.hex"  "FreeRTOS823_3_TM4C1294_Base_Test.out" 
Translating to Extended Tektronix format...
   "FreeRTOS823_3_TM4C1294_Base_Test.out" .intvecs ==> .intvecs
   "FreeRTOS823_3_TM4C1294_Base_Test.out" .text ==> .text
   "FreeRTOS823_3_TM4C1294_Base_Test.out" .const ==> .const
   "FreeRTOS823_3_TM4C1294_Base_Test.out" .cinit ==> .cinit
'Finished building: FreeRTOS823_3_TM4C1294_Base_Test.hex'
' '

**** Build Finished ****

**** Build of configuration Debug for project FreeRTOS823_3_TM4C1294_Base_Test ****

"C:\\ti\\ccsv6\\utils\\bin\\gmake" -k all 
gmake: Nothing to be done for `all'.

**** Build Finished ****

**** Build of configuration Debug for project FreeRTOS823_3_TM4C1294_Base_Test ****

"C:\\ti\\ccsv6\\utils\\bin\\gmake" -k all 
'Building file: ../Main_Base_Test.c'
'Invoking: ARM Compiler'
"C:/ti/ccsv6/tools/compiler/ti-cgt-arm_5.2.5/bin/armcl" -mv7M4 --code_state=16 --float_support=FPv4SPD16 --abi=eabi -me --include_path="C:/Users/DreyCow/workspace/TI_ARM_Tiva_Projects_EECS_690_Sp16/FreeRTOS823_3_TM4C1294_Base_Test" --include_path="C:/Users/DreyCow/workspace/TI_ARM_Tiva_Projects_EECS_690_Sp16/FreeRTOS823_3_TM4C1294_Base_Test/Drivers" --include_path="C:/Users/DreyCow/workspace/TI_ARM_Tiva_Projects_EECS_690_Sp16/Source/portable/CCS/ARM_CM4F" --include_path="C:/Users/DreyCow/workspace/TI_ARM_Tiva_Projects_EECS_690_Sp16/Source/include" --include_path="C:/ti/ccsv6/tools/compiler/ti-cgt-arm_5.2.5/include" --include_path="C:/TI_CodeComposer/TivaWare" -g --gcc --define=ccs="ccs" --define=PART_TM4C1294NCPDT --super_quiet --diag_wrap=off --diag_warning=225 --display_error_number --printf_support=full -k --asm_listing --preproc_with_compile --preproc_dependency="Main_Base_Test.pp"  "../Main_Base_Test.c"
"../Main_Base_Test.c", line 33: warning #552-D: variable "Status" was set but never used
'Finished building: ../Main_Base_Test.c'
' '
'Building file: ../Tasks/Task_ReportData.c'
'Invoking: ARM Compiler'
"C:/ti/ccsv6/tools/compiler/ti-cgt-arm_5.2.5/bin/armcl" -mv7M4 --code_state=16 --float_support=FPv4SPD16 --abi=eabi -me --include_path="C:/Users/DreyCow/workspace/TI_ARM_Tiva_Projects_EECS_690_Sp16/FreeRTOS823_3_TM4C1294_Base_Test" --include_path="C:/Users/DreyCow/workspace/TI_ARM_Tiva_Projects_EECS_690_Sp16/FreeRTOS823_3_TM4C1294_Base_Test/Drivers" --include_path="C:/Users/DreyCow/workspace/TI_ARM_Tiva_Projects_EECS_690_Sp16/Source/portable/CCS/ARM_CM4F" --include_path="C:/Users/DreyCow/workspace/TI_ARM_Tiva_Projects_EECS_690_Sp16/Source/include" --include_path="C:/ti/ccsv6/tools/compiler/ti-cgt-arm_5.2.5/include" --include_path="C:/TI_CodeComposer/TivaWare" -g --gcc --define=ccs="ccs" --define=PART_TM4C1294NCPDT --super_quiet --diag_wrap=off --diag_warning=225 --display_error_number --printf_support=full -k --asm_listing --preproc_with_compile --preproc_dependency="Tasks/Task_ReportData.pp" --obj_directory="Tasks"  "../Tasks/Task_ReportData.c"
'Finished building: ../Tasks/Task_ReportData.c'
' '
'Building file: ../Tasks/Task_Simple_ADC.c'
'Invoking: ARM Compiler'
"C:/ti/ccsv6/tools/compiler/ti-cgt-arm_5.2.5/bin/armcl" -mv7M4 --code_state=16 --float_support=FPv4SPD16 --abi=eabi -me --include_path="C:/Users/DreyCow/workspace/TI_ARM_Tiva_Projects_EECS_690_Sp16/FreeRTOS823_3_TM4C1294_Base_Test" --include_path="C:/Users/DreyCow/workspace/TI_ARM_Tiva_Projects_EECS_690_Sp16/FreeRTOS823_3_TM4C1294_Base_Test/Drivers" --include_path="C:/Users/DreyCow/workspace/TI_ARM_Tiva_Projects_EECS_690_Sp16/Source/portable/CCS/ARM_CM4F" --include_path="C:/Users/DreyCow/workspace/TI_ARM_Tiva_Projects_EECS_690_Sp16/Source/include" --include_path="C:/ti/ccsv6/tools/compiler/ti-cgt-arm_5.2.5/include" --include_path="C:/TI_CodeComposer/TivaWare" -g --gcc --define=ccs="ccs" --define=PART_TM4C1294NCPDT --super_quiet --diag_wrap=off --diag_warning=225 --display_error_number --printf_support=full -k --asm_listing --preproc_with_compile --preproc_dependency="Tasks/Task_Simple_ADC.pp" --obj_directory="Tasks"  "../Tasks/Task_Simple_ADC.c"
'Finished building: ../Tasks/Task_Simple_ADC.c'
' '
'Building target: FreeRTOS823_3_TM4C1294_Base_Test.out'
'Invoking: ARM Linker'
"C:/ti/ccsv6/tools/compiler/ti-cgt-arm_5.2.5/bin/armcl" -mv7M4 --code_state=16 --float_support=FPv4SPD16 --abi=eabi -me -g --gcc --define=ccs="ccs" --define=PART_TM4C1294NCPDT --super_quiet --diag_wrap=off --diag_warning=225 --display_error_number --printf_support=full -k --asm_listing -z -m"FreeRTOS823_3_TM4C1294_Base_Test.map" --heap_size=0x0800 --stack_size=0x0800 -i"C:/ti/ccsv6/tools/compiler/ti-cgt-arm_5.2.5/lib" -i"C:/ti/ccsv6/tools/compiler/ti-cgt-arm_5.2.5/include" --reread_libs --display_error_number --diag_wrap=off --warn_sections --xml_link_info="FreeRTOS823_3_TM4C1294_Base_Test_linkInfo.xml" --rom_model -o "FreeRTOS823_3_TM4C1294_Base_Test.out" "./Main_Base_Test.obj" "./TM4C_FreeRTOS_Base_Startup.obj" "./heap_2.obj" "./Tasks/Task_Blinky.obj" "./Tasks/Task_HeaterOn.obj" "./Tasks/Task_PID.obj" "./Tasks/Task_ReportData.obj" "./Tasks/Task_Simple_ADC.obj" "./Source/croutine.obj" "./Source/event_groups.obj" "./Source/list.obj" "./Source/queue.obj" "./Source/tasks.obj" "./Source/timers.obj" "./Source/portable/CCS/ARM_CM4F/port.obj" "./Source/portable/CCS/ARM_CM4F/portasm.obj" "./Drivers/Processor_Initialization_TM4C1294.obj" "./Drivers/UART.obj" "../tm4c1294ncpdt.cmd"  -l"libc.a" -l"C:\TI_CodeComposer\TivaWare\driverlib\ccs\Debug\driverlib.lib" 
'Finished building target: FreeRTOS823_3_TM4C1294_Base_Test.out'
' '
'Invoking: ARM Hex Utility'
"C:/ti/ccsv6/tools/compiler/ti-cgt-arm_5.2.5/bin/armhex"  -o "FreeRTOS823_3_TM4C1294_Base_Test.hex"  "FreeRTOS823_3_TM4C1294_Base_Test.out" 
Translating to Extended Tektronix format...
   "FreeRTOS823_3_TM4C1294_Base_Test.out" .intvecs ==> .intvecs
   "FreeRTOS823_3_TM4C1294_Base_Test.out" .text ==> .text
   "FreeRTOS823_3_TM4C1294_Base_Test.out" .const ==> .const
   "FreeRTOS823_3_TM4C1294_Base_Test.out" .cinit ==> .cinit
'Finished building: FreeRTOS823_3_TM4C1294_Base_Test.hex'
' '

**** Build Finished ****
